# JRE version: Java(TM) SE Runtime Environment (8.0_102-b14) (build 1.8.0_102-b14)
# Java VM: Java HotSpot(TM) 64-Bit Server VM (25.102-b14 mixed mode windows-amd64 compressed oops)
Heap:
 PSYoungGen      total 610816K, used 565692K [0x00000000d6100000, 0x00000000ffc80000, 0x0000000100000000)
  eden space 539136K, 98% used [0x00000000d6100000,0x00000000f66f6160,0x00000000f6f80000)
  from space 71680K, 49% used [0x00000000fb480000,0x00000000fd6f8f70,0x00000000ffa80000)
  to   space 70656K, 0% used [0x00000000f6f80000,0x00000000f6f80000,0x00000000fb480000)
 ParOldGen       total 242688K, used 80463K [0x0000000082200000, 0x0000000090f00000, 0x00000000d6100000)
  object space 242688K, 33% used [0x0000000082200000,0x0000000087093f08,0x0000000090f00000)
 Metaspace       used 97638K, capacity 100410K, committed 100440K, reserved 1138688K
  class space    used 10923K, capacity 11371K, committed 11392K, reserved 1048576K
GC Heap History (10 events):
Event: 32.848 GC heap before
{Heap before GC invocations=18 (full 3):
 PSYoungGen      total 592384K, used 519678K [0x00000000d6100000, 0x0000000100000000, 0x0000000100000000)
  eden space 508416K, 100% used [0x00000000d6100000,0x00000000f5180000,0x00000000f5180000)
  from space 83968K, 13% used [0x00000000fa180000,0x00000000fac7fbe0,0x00000000ff380000)
  to   space 81920K, 0% used [0x00000000f5180000,0x00000000f5180000,0x00000000fa180000)
 ParOldGen       total 199680K, used 79723K [0x0000000082200000, 0x000000008e500000, 0x00000000d6100000)
  object space 199680K, 39% used [0x0000000082200000,0x0000000086fdaf38,0x000000008e500000)
 Metaspace       used 78535K, capacity 79800K, committed 80472K, reserved 1120256K
  class space    used 9168K, capacity 9486K, committed 9600K, reserved 1048576K
Event: 32.895 GC heap after
Heap after GC invocations=18 (full 3):
 PSYoungGen      total 590336K, used 30766K [0x00000000d6100000, 0x00000000ff500000, 0x0000000100000000)
  eden space 508416K, 0% used [0x00000000d6100000,0x00000000d6100000,0x00000000f5180000)
  from space 81920K, 37% used [0x00000000f5180000,0x00000000f6f8b898,0x00000000fa180000)
  to   space 77312K, 0% used [0x00000000fa980000,0x00000000fa980000,0x00000000ff500000)
 ParOldGen       total 199680K, used 79731K [0x0000000082200000, 0x000000008e500000, 0x00000000d6100000)
  object space 199680K, 39% used [0x0000000082200000,0x0000000086fdcf38,0x000000008e500000)
 Metaspace       used 78535K, capacity 79800K, committed 80472K, reserved 1120256K
  class space    used 9168K, capacity 9486K, committed 9600K, reserved 1048576K
}
Event: 287.488 GC heap before
{Heap before GC invocations=19 (full 3):
 PSYoungGen      total 590336K, used 460748K [0x00000000d6100000, 0x00000000ff500000, 0x0000000100000000)
  eden space 508416K, 84% used [0x00000000d6100000,0x00000000f04e7800,0x00000000f5180000)
  from space 81920K, 37% used [0x00000000f5180000,0x00000000f6f8b898,0x00000000fa180000)
  to   space 77312K, 0% used [0x00000000fa980000,0x00000000fa980000,0x00000000ff500000)
 ParOldGen       total 199680K, used 79731K [0x0000000082200000, 0x000000008e500000, 0x00000000d6100000)
  object space 199680K, 39% used [0x0000000082200000,0x0000000086fdcf38,0x000000008e500000)
 Metaspace       used 86014K, capacity 87304K, committed 87828K, reserved 1126400K
  class space    used 9996K, capacity 10320K, committed 10368K, reserved 1048576K
Event: 287.523 GC heap after
Heap after GC invocations=19 (full 3):
 PSYoungGen      total 601088K, used 30878K [0x00000000d6100000, 0x00000000ff380000, 0x0000000100000000)
  eden space 525312K, 0% used [0x00000000d6100000,0x00000000d6100000,0x00000000f6200000)
  from space 75776K, 40% used [0x00000000fa980000,0x00000000fc7a7b90,0x00000000ff380000)
  to   space 73216K, 0% used [0x00000000f6200000,0x00000000f6200000,0x00000000fa980000)
 ParOldGen       total 199680K, used 79739K [0x0000000082200000, 0x000000008e500000, 0x00000000d6100000)
  object space 199680K, 39% used [0x0000000082200000,0x0000000086fdef38,0x000000008e500000)
 Metaspace       used 86014K, capacity 87304K, committed 87828K, reserved 1126400K
  class space    used 9996K, capacity 10320K, committed 10368K, reserved 1048576K
}
Event: 287.523 GC heap before
{Heap before GC invocations=20 (full 4):
 PSYoungGen      total 601088K, used 30878K [0x00000000d6100000, 0x00000000ff380000, 0x0000000100000000)
  eden space 525312K, 0% used [0x00000000d6100000,0x00000000d6100000,0x00000000f6200000)
  from space 75776K, 40% used [0x00000000fa980000,0x00000000fc7a7b90,0x00000000ff380000)
  to   space 73216K, 0% used [0x00000000f6200000,0x00000000f6200000,0x00000000fa980000)
 ParOldGen       total 199680K, used 79739K [0x0000000082200000, 0x000000008e500000, 0x00000000d6100000)
  object space 199680K, 39% used [0x0000000082200000,0x0000000086fdef38,0x000000008e500000)
 Metaspace       used 86014K, capacity 87304K, committed 87828K, reserved 1126400K
  class space    used 9996K, capacity 10320K, committed 10368K, reserved 1048576K
Event: 287.871 GC heap after
Heap after GC invocations=20 (full 4):
 PSYoungGen      total 601088K, used 0K [0x00000000d6100000, 0x00000000ff380000, 0x0000000100000000)
  eden space 525312K, 0% used [0x00000000d6100000,0x00000000d6100000,0x00000000f6200000)
  from space 75776K, 0% used [0x00000000fa980000,0x00000000fa980000,0x00000000ff380000)
  to   space 73216K, 0% used [0x00000000f6200000,0x00000000f6200000,0x00000000fa980000)
 ParOldGen       total 242688K, used 80447K [0x0000000082200000, 0x0000000090f00000, 0x00000000d6100000)
  object space 242688K, 33% used [0x0000000082200000,0x000000008708ff08,0x0000000090f00000)
 Metaspace       used 86014K, capacity 87304K, committed 87828K, reserved 1126400K
  class space    used 9996K, capacity 10320K, committed 10368K, reserved 1048576K
}
Event: 2131.658 GC heap before
{Heap before GC invocations=21 (full 4):
 PSYoungGen      total 601088K, used 525312K [0x00000000d6100000, 0x00000000ff380000, 0x0000000100000000)
  eden space 525312K, 100% used [0x00000000d6100000,0x00000000f6200000,0x00000000f6200000)
  from space 75776K, 0% used [0x00000000fa980000,0x00000000fa980000,0x00000000ff380000)
  to   space 73216K, 0% used [0x00000000f6200000,0x00000000f6200000,0x00000000fa980000)
 ParOldGen       total 242688K, used 80447K [0x0000000082200000, 0x0000000090f00000, 0x00000000d6100000)
  object space 242688K, 33% used [0x0000000082200000,0x000000008708ff08,0x0000000090f00000)
 Metaspace       used 95868K, capacity 98058K, committed 98264K, reserved 1136640K
  class space    used 10824K, capacity 11235K, committed 11264K, reserved 1048576K
Event: 2131.670 GC heap after
Heap after GC invocations=21 (full 4):
 PSYoungGen      total 598528K, used 11627K [0x00000000d6100000, 0x00000000ffa80000, 0x0000000100000000)
  eden space 525312K, 0% used [0x00000000d6100000,0x00000000d6100000,0x00000000f6200000)
  from space 73216K, 15% used [0x00000000f6200000,0x00000000f6d5ada0,0x00000000fa980000)
  to   space 71680K, 0% used [0x00000000fb480000,0x00000000fb480000,0x00000000ffa80000)
 ParOldGen       total 242688K, used 80455K [0x0000000082200000, 0x0000000090f00000, 0x00000000d6100000)
  object space 242688K, 33% used [0x0000000082200000,0x0000000087091f08,0x0000000090f00000)
 Metaspace       used 95868K, capacity 98058K, committed 98264K, reserved 1136640K
  class space    used 10824K, capacity 11235K, committed 11264K, reserved 1048576K
}
Event: 3403.146 GC heap before
{Heap before GC invocations=22 (full 4):
 PSYoungGen      total 598528K, used 536939K [0x00000000d6100000, 0x00000000ffa80000, 0x0000000100000000)
  eden space 525312K, 100% used [0x00000000d6100000,0x00000000f6200000,0x00000000f6200000)
  from space 73216K, 15% used [0x00000000f6200000,0x00000000f6d5ada0,0x00000000fa980000)
  to   space 71680K, 0% used [0x00000000fb480000,0x00000000fb480000,0x00000000ffa80000)
 ParOldGen       total 242688K, used 80455K [0x0000000082200000, 0x0000000090f00000, 0x00000000d6100000)
  object space 242688K, 33% used [0x0000000082200000,0x0000000087091f08,0x0000000090f00000)
 Metaspace       used 97481K, capacity 100240K, committed 100440K, reserved 1138688K
  class space    used 10903K, capacity 11333K, committed 11392K, reserved 1048576K
Event: 3403.180 GC heap after
Heap after GC invocations=22 (full 4):
 PSYoungGen      total 610816K, used 35299K [0x00000000d6100000, 0x00000000ffc80000, 0x0000000100000000)
  eden space 539136K, 0% used [0x00000000d6100000,0x00000000d6100000,0x00000000f6f80000)
  from space 71680K, 49% used [0x00000000fb480000,0x00000000fd6f8f70,0x00000000ffa80000)
  to   space 70656K, 0% used [0x00000000f6f80000,0x00000000f6f80000,0x00000000fb480000)
 ParOldGen       total 242688K, used 80463K [0x0000000082200000, 0x0000000090f00000, 0x00000000d6100000)
  object space 242688K, 33% used [0x0000000082200000,0x0000000087093f08,0x0000000090f00000)
 Metaspace       used 97481K, capacity 100240K, committed 100440K, reserved 1138688K
  class space    used 10903K, capacity 11333K, committed 11392K, reserved 1048576K
}

