# JRE version: Java(TM) SE Runtime Environment (8.0_102-b14) (build 1.8.0_102-b14)
# Java VM: Java HotSpot(TM) 64-Bit Server VM (25.102-b14 mixed mode windows-amd64 compressed oops)
Heap:
 PSYoungGen      total 1170432K, used 571618K [0x000000076b580000, 0x00000007c0000000, 0x00000007c0000000)
  eden space 960512K, 59% used [0x000000076b580000,0x000000078e3b8918,0x00000007a5f80000)
  from space 209920K, 0% used [0x00000007b2d80000,0x00000007b2d80000,0x00000007bfa80000)
  to   space 210944K, 0% used [0x00000007a5f80000,0x00000007a5f80000,0x00000007b2d80000)
 ParOldGen       total 900608K, used 482269K [0x00000006c2000000, 0x00000006f8f80000, 0x000000076b580000)
  object space 900608K, 53% used [0x00000006c2000000,0x00000006df6f7758,0x00000006f8f80000)
 Metaspace       used 671447K, capacity 678540K, committed 680152K, reserved 1646592K
  class space    used 81581K, capacity 82894K, committed 82944K, reserved 1048576K
GC Heap History (10 events):
Event: 6049.382 GC heap before
{Heap before GC invocations=68 (full 7):
 PSYoungGen      total 1164800K, used 978991K [0x000000076b580000, 0x00000007bff80000, 0x00000007c0000000)
  eden space 943104K, 100% used [0x000000076b580000,0x00000007a4e80000,0x00000007a4e80000)
  from space 221696K, 16% used [0x00000007b2700000,0x00000007b4a0bfb0,0x00000007bff80000)
  to   space 221696K, 0% used [0x00000007a4e80000,0x00000007a4e80000,0x00000007b2700000)
 ParOldGen       total 667648K, used 476095K [0x00000006c2000000, 0x00000006eac00000, 0x000000076b580000)
  object space 667648K, 71% used [0x00000006c2000000,0x00000006df0efe40,0x00000006eac00000)
 Metaspace       used 628544K, capacity 635152K, committed 636632K, reserved 1607680K
  class space    used 76230K, capacity 77455K, committed 77568K, reserved 1048576K
Event: 6049.481 GC heap after
Heap after GC invocations=68 (full 7):
 PSYoungGen      total 1051648K, used 108199K [0x000000076b580000, 0x00000007bf000000, 0x00000007c0000000)
  eden space 943104K, 0% used [0x000000076b580000,0x000000076b580000,0x00000007a4e80000)
  from space 108544K, 99% used [0x00000007a4e80000,0x00000007ab829ec0,0x00000007ab880000)
  to   space 213504K, 0% used [0x00000007b1f80000,0x00000007b1f80000,0x00000007bf000000)
 ParOldGen       total 667648K, used 497907K [0x00000006c2000000, 0x00000006eac00000, 0x000000076b580000)
  object space 667648K, 74% used [0x00000006c2000000,0x00000006e063cd50,0x00000006eac00000)
 Metaspace       used 628544K, capacity 635152K, committed 636632K, reserved 1607680K
  class space    used 76230K, capacity 77455K, committed 77568K, reserved 1048576K
}
Event: 6055.586 GC heap before
{Heap before GC invocations=69 (full 7):
 PSYoungGen      total 1051648K, used 1051303K [0x000000076b580000, 0x00000007bf000000, 0x00000007c0000000)
  eden space 943104K, 100% used [0x000000076b580000,0x00000007a4e80000,0x00000007a4e80000)
  from space 108544K, 99% used [0x00000007a4e80000,0x00000007ab829ec0,0x00000007ab880000)
  to   space 213504K, 0% used [0x00000007b1f80000,0x00000007b1f80000,0x00000007bf000000)
 ParOldGen       total 667648K, used 497911K [0x00000006c2000000, 0x00000006eac00000, 0x000000076b580000)
  object space 667648K, 74% used [0x00000006c2000000,0x00000006e063df98,0x00000006eac00000)
 Metaspace       used 652466K, capacity 659322K, committed 660952K, reserved 1630208K
  class space    used 79339K, capacity 80593K, committed 80640K, reserved 1048576K
Event: 6055.692 GC heap after
Heap after GC invocations=69 (full 7):
 PSYoungGen      total 1158656K, used 125959K [0x000000076b580000, 0x00000007c0000000, 0x00000007c0000000)
  eden space 945152K, 0% used [0x000000076b580000,0x000000076b580000,0x00000007a5080000)
  from space 213504K, 58% used [0x00000007b1f80000,0x00000007b9a81c08,0x00000007bf000000)
  to   space 211968K, 0% used [0x00000007a5080000,0x00000007a5080000,0x00000007b1f80000)
 ParOldGen       total 667648K, used 497911K [0x00000006c2000000, 0x00000006eac00000, 0x000000076b580000)
  object space 667648K, 74% used [0x00000006c2000000,0x00000006e063df98,0x00000006eac00000)
 Metaspace       used 652466K, capacity 659322K, committed 660952K, reserved 1630208K
  class space    used 79339K, capacity 80593K, committed 80640K, reserved 1048576K
}
Event: 6063.774 GC heap before
{Heap before GC invocations=70 (full 7):
 PSYoungGen      total 1158656K, used 1071111K [0x000000076b580000, 0x00000007c0000000, 0x00000007c0000000)
  eden space 945152K, 100% used [0x000000076b580000,0x00000007a5080000,0x00000007a5080000)
  from space 213504K, 58% used [0x00000007b1f80000,0x00000007b9a81c08,0x00000007bf000000)
  to   space 211968K, 0% used [0x00000007a5080000,0x00000007a5080000,0x00000007b1f80000)
 ParOldGen       total 667648K, used 497911K [0x00000006c2000000, 0x00000006eac00000, 0x000000076b580000)
  object space 667648K, 74% used [0x00000006c2000000,0x00000006e063df98,0x00000006eac00000)
 Metaspace       used 665167K, capacity 672148K, committed 673752K, reserved 1640448K
  class space    used 80803K, capacity 82076K, committed 82176K, reserved 1048576K
Event: 6063.849 GC heap after
Heap after GC invocations=70 (full 7):
 PSYoungGen      total 1157120K, used 48325K [0x000000076b580000, 0x00000007bfa80000, 0x00000007c0000000)
  eden space 945152K, 0% used [0x000000076b580000,0x000000076b580000,0x00000007a5080000)
  from space 211968K, 22% used [0x00000007a5080000,0x00000007a7fb16b8,0x00000007b1f80000)
  to   space 209920K, 0% used [0x00000007b2d80000,0x00000007b2d80000,0x00000007bfa80000)
 ParOldGen       total 667648K, used 506856K [0x00000006c2000000, 0x00000006eac00000, 0x000000076b580000)
  object space 667648K, 75% used [0x00000006c2000000,0x00000006e0efa018,0x00000006eac00000)
 Metaspace       used 665167K, capacity 672148K, committed 673752K, reserved 1640448K
  class space    used 80803K, capacity 82076K, committed 82176K, reserved 1048576K
}
Event: 6082.962 GC heap before
{Heap before GC invocations=71 (full 7):
 PSYoungGen      total 1157120K, used 462279K [0x000000076b580000, 0x00000007bfa80000, 0x00000007c0000000)
  eden space 945152K, 43% used [0x000000076b580000,0x00000007849c0560,0x00000007a5080000)
  from space 211968K, 22% used [0x00000007a5080000,0x00000007a7fb16b8,0x00000007b1f80000)
  to   space 209920K, 0% used [0x00000007b2d80000,0x00000007b2d80000,0x00000007bfa80000)
 ParOldGen       total 667648K, used 506856K [0x00000006c2000000, 0x00000006eac00000, 0x000000076b580000)
  object space 667648K, 75% used [0x00000006c2000000,0x00000006e0efa018,0x00000006eac00000)
 Metaspace       used 669075K, capacity 676144K, committed 677696K, reserved 1644544K
  class space    used 81294K, capacity 82590K, committed 82688K, reserved 1048576K
Event: 6082.999 GC heap after
Heap after GC invocations=71 (full 7):
 PSYoungGen      total 1170432K, used 24117K [0x000000076b580000, 0x00000007c0000000, 0x00000007c0000000)
  eden space 960512K, 0% used [0x000000076b580000,0x000000076b580000,0x00000007a5f80000)
  from space 209920K, 11% used [0x00000007b2d80000,0x00000007b450d7c0,0x00000007bfa80000)
  to   space 210944K, 0% used [0x00000007a5f80000,0x00000007a5f80000,0x00000007b2d80000)
 ParOldGen       total 667648K, used 524905K [0x00000006c2000000, 0x00000006eac00000, 0x000000076b580000)
  object space 667648K, 78% used [0x00000006c2000000,0x00000006e209a4f8,0x00000006eac00000)
 Metaspace       used 669075K, capacity 676144K, committed 677696K, reserved 1644544K
  class space    used 81294K, capacity 82590K, committed 82688K, reserved 1048576K
}
Event: 6082.999 GC heap before
{Heap before GC invocations=72 (full 8):
 PSYoungGen      total 1170432K, used 24117K [0x000000076b580000, 0x00000007c0000000, 0x00000007c0000000)
  eden space 960512K, 0% used [0x000000076b580000,0x000000076b580000,0x00000007a5f80000)
  from space 209920K, 11% used [0x00000007b2d80000,0x00000007b450d7c0,0x00000007bfa80000)
  to   space 210944K, 0% used [0x00000007a5f80000,0x00000007a5f80000,0x00000007b2d80000)
 ParOldGen       total 667648K, used 524905K [0x00000006c2000000, 0x00000006eac00000, 0x000000076b580000)
  object space 667648K, 78% used [0x00000006c2000000,0x00000006e209a4f8,0x00000006eac00000)
 Metaspace       used 669075K, capacity 676144K, committed 677696K, reserved 1644544K
  class space    used 81294K, capacity 82590K, committed 82688K, reserved 1048576K
Event: 6084.094 GC heap after
Heap after GC invocations=72 (full 8):
 PSYoungGen      total 1170432K, used 0K [0x000000076b580000, 0x00000007c0000000, 0x00000007c0000000)
  eden space 960512K, 0% used [0x000000076b580000,0x000000076b580000,0x00000007a5f80000)
  from space 209920K, 0% used [0x00000007b2d80000,0x00000007b2d80000,0x00000007bfa80000)
  to   space 210944K, 0% used [0x00000007a5f80000,0x00000007a5f80000,0x00000007b2d80000)
 ParOldGen       total 900608K, used 482269K [0x00000006c2000000, 0x00000006f8f80000, 0x000000076b580000)
  object space 900608K, 53% used [0x00000006c2000000,0x00000006df6f7758,0x00000006f8f80000)
 Metaspace       used 669015K, capacity 676000K, committed 677696K, reserved 1644544K
  class space    used 81281K, capacity 82566K, committed 82688K, reserved 1048576K
}

