# JRE version: Java(TM) SE Runtime Environment (8.0_102-b14) (build 1.8.0_102-b14)
# Java VM: Java HotSpot(TM) 64-Bit Server VM (25.102-b14 mixed mode windows-amd64 compressed oops)
Heap:
 PSYoungGen      total 600576K, used 574078K [0x00000000d6100000, 0x0000000100000000, 0x0000000100000000)
  eden space 536064K, 95% used [0x00000000d6100000,0x00000000f54edbf0,0x00000000f6c80000)
  from space 64512K, 96% used [0x00000000f6c80000,0x00000000fa931ec0,0x00000000fab80000)
  to   space 74240K, 0% used [0x00000000fb780000,0x00000000fb780000,0x0000000100000000)
 ParOldGen       total 192000K, used 48975K [0x0000000082200000, 0x000000008dd80000, 0x00000000d6100000)
  object space 192000K, 25% used [0x0000000082200000,0x00000000851d3c98,0x000000008dd80000)
 Metaspace       used 69990K, capacity 71124K, committed 71640K, reserved 1112064K
  class space    used 8121K, capacity 8420K, committed 8448K, reserved 1048576K
GC Heap History (10 events):
Event: 15.605 GC heap before
{Heap before GC invocations=17 (full 3):
 PSYoungGen      total 391680K, used 209719K [0x00000000d6100000, 0x00000000f9a00000, 0x0000000100000000)
  eden space 326144K, 46% used [0x00000000d6100000,0x00000000df5aac68,0x00000000e9f80000)
  from space 65536K, 87% used [0x00000000e9f80000,0x00000000ed7a3048,0x00000000edf80000)
  to   space 73216K, 0% used [0x00000000f5280000,0x00000000f5280000,0x00000000f9a00000)
 ParOldGen       total 225280K, used 105349K [0x0000000082200000, 0x000000008fe00000, 0x00000000d6100000)
  object space 225280K, 46% used [0x0000000082200000,0x00000000888e1568,0x000000008fe00000)
 Metaspace       used 50859K, capacity 51804K, committed 52056K, reserved 1095680K
  class space    used 5979K, capacity 6244K, committed 6272K, reserved 1048576K
Event: 15.634 GC heap after
Heap after GC invocations=17 (full 3):
 PSYoungGen      total 489984K, used 11197K [0x00000000d6100000, 0x00000000f8f00000, 0x0000000100000000)
  eden space 428032K, 0% used [0x00000000d6100000,0x00000000d6100000,0x00000000f0300000)
  from space 61952K, 18% used [0x00000000f5280000,0x00000000f5d6f728,0x00000000f8f00000)
  to   space 71680K, 0% used [0x00000000f0300000,0x00000000f0300000,0x00000000f4900000)
 ParOldGen       total 225280K, used 110636K [0x0000000082200000, 0x000000008fe00000, 0x00000000d6100000)
  object space 225280K, 49% used [0x0000000082200000,0x0000000088e0b1a8,0x000000008fe00000)
 Metaspace       used 50859K, capacity 51804K, committed 52056K, reserved 1095680K
  class space    used 5979K, capacity 6244K, committed 6272K, reserved 1048576K
}
Event: 15.634 GC heap before
{Heap before GC invocations=18 (full 4):
 PSYoungGen      total 489984K, used 11197K [0x00000000d6100000, 0x00000000f8f00000, 0x0000000100000000)
  eden space 428032K, 0% used [0x00000000d6100000,0x00000000d6100000,0x00000000f0300000)
  from space 61952K, 18% used [0x00000000f5280000,0x00000000f5d6f728,0x00000000f8f00000)
  to   space 71680K, 0% used [0x00000000f0300000,0x00000000f0300000,0x00000000f4900000)
 ParOldGen       total 225280K, used 110636K [0x0000000082200000, 0x000000008fe00000, 0x00000000d6100000)
  object space 225280K, 49% used [0x0000000082200000,0x0000000088e0b1a8,0x000000008fe00000)
 Metaspace       used 50859K, capacity 51804K, committed 52056K, reserved 1095680K
  class space    used 5979K, capacity 6244K, committed 6272K, reserved 1048576K
Event: 15.749 GC heap after
Heap after GC invocations=18 (full 4):
 PSYoungGen      total 489984K, used 0K [0x00000000d6100000, 0x00000000f8f00000, 0x0000000100000000)
  eden space 428032K, 0% used [0x00000000d6100000,0x00000000d6100000,0x00000000f0300000)
  from space 61952K, 0% used [0x00000000f5280000,0x00000000f5280000,0x00000000f8f00000)
  to   space 71680K, 0% used [0x00000000f0300000,0x00000000f0300000,0x00000000f4900000)
 ParOldGen       total 192000K, used 48951K [0x0000000082200000, 0x000000008dd80000, 0x00000000d6100000)
  object space 192000K, 25% used [0x0000000082200000,0x00000000851cdc38,0x000000008dd80000)
 Metaspace       used 50859K, capacity 51804K, committed 52056K, reserved 1095680K
  class space    used 5979K, capacity 6244K, committed 6272K, reserved 1048576K
}
Event: 20.490 GC heap before
{Heap before GC invocations=19 (full 4):
 PSYoungGen      total 489984K, used 428032K [0x00000000d6100000, 0x00000000f8f00000, 0x0000000100000000)
  eden space 428032K, 100% used [0x00000000d6100000,0x00000000f0300000,0x00000000f0300000)
  from space 61952K, 0% used [0x00000000f5280000,0x00000000f5280000,0x00000000f8f00000)
  to   space 71680K, 0% used [0x00000000f0300000,0x00000000f0300000,0x00000000f4900000)
 ParOldGen       total 192000K, used 48951K [0x0000000082200000, 0x000000008dd80000, 0x00000000d6100000)
  object space 192000K, 25% used [0x0000000082200000,0x00000000851cdc38,0x000000008dd80000)
 Metaspace       used 62428K, capacity 63406K, committed 63832K, reserved 1105920K
  class space    used 7403K, capacity 7677K, committed 7808K, reserved 1048576K
Event: 20.539 GC heap after
Heap after GC invocations=19 (full 4):
 PSYoungGen      total 499712K, used 19539K [0x00000000d6100000, 0x0000000100000000, 0x0000000100000000)
  eden space 428032K, 0% used [0x00000000d6100000,0x00000000d6100000,0x00000000f0300000)
  from space 71680K, 27% used [0x00000000f0300000,0x00000000f1614d00,0x00000000f4900000)
  to   space 68608K, 0% used [0x00000000fbd00000,0x00000000fbd00000,0x0000000100000000)
 ParOldGen       total 192000K, used 48959K [0x0000000082200000, 0x000000008dd80000, 0x00000000d6100000)
  object space 192000K, 25% used [0x0000000082200000,0x00000000851cfc38,0x000000008dd80000)
 Metaspace       used 62428K, capacity 63406K, committed 63832K, reserved 1105920K
  class space    used 7403K, capacity 7677K, committed 7808K, reserved 1048576K
}
Event: 24.936 GC heap before
{Heap before GC invocations=20 (full 4):
 PSYoungGen      total 499712K, used 447571K [0x00000000d6100000, 0x0000000100000000, 0x0000000100000000)
  eden space 428032K, 100% used [0x00000000d6100000,0x00000000f0300000,0x00000000f0300000)
  from space 71680K, 27% used [0x00000000f0300000,0x00000000f1614d00,0x00000000f4900000)
  to   space 68608K, 0% used [0x00000000fbd00000,0x00000000fbd00000,0x0000000100000000)
 ParOldGen       total 192000K, used 48959K [0x0000000082200000, 0x000000008dd80000, 0x00000000d6100000)
  object space 192000K, 25% used [0x0000000082200000,0x00000000851cfc38,0x000000008dd80000)
 Metaspace       used 65153K, capacity 66236K, committed 66776K, reserved 1107968K
  class space    used 7622K, capacity 7910K, committed 7936K, reserved 1048576K
Event: 24.964 GC heap after
Heap after GC invocations=20 (full 4):
 PSYoungGen      total 582656K, used 22385K [0x00000000d6100000, 0x00000000fea80000, 0x0000000100000000)
  eden space 536064K, 0% used [0x00000000d6100000,0x00000000d6100000,0x00000000f6c80000)
  from space 46592K, 48% used [0x00000000fbd00000,0x00000000fd2dc488,0x00000000fea80000)
  to   space 64512K, 0% used [0x00000000f6c80000,0x00000000f6c80000,0x00000000fab80000)
 ParOldGen       total 192000K, used 48967K [0x0000000082200000, 0x000000008dd80000, 0x00000000d6100000)
  object space 192000K, 25% used [0x0000000082200000,0x00000000851d1c38,0x000000008dd80000)
 Metaspace       used 65153K, capacity 66236K, committed 66776K, reserved 1107968K
  class space    used 7622K, capacity 7910K, committed 7936K, reserved 1048576K
}
Event: 121.245 GC heap before
{Heap before GC invocations=21 (full 4):
 PSYoungGen      total 582656K, used 558449K [0x00000000d6100000, 0x00000000fea80000, 0x0000000100000000)
  eden space 536064K, 100% used [0x00000000d6100000,0x00000000f6c80000,0x00000000f6c80000)
  from space 46592K, 48% used [0x00000000fbd00000,0x00000000fd2dc488,0x00000000fea80000)
  to   space 64512K, 0% used [0x00000000f6c80000,0x00000000f6c80000,0x00000000fab80000)
 ParOldGen       total 192000K, used 48967K [0x0000000082200000, 0x000000008dd80000, 0x00000000d6100000)
  object space 192000K, 25% used [0x0000000082200000,0x00000000851d1c98,0x000000008dd80000)
 Metaspace       used 69828K, capacity 70890K, committed 71384K, reserved 1112064K
  class space    used 8101K, capacity 8382K, committed 8448K, reserved 1048576K
Event: 121.299 GC heap after
Heap after GC invocations=21 (full 4):
 PSYoungGen      total 600576K, used 62151K [0x00000000d6100000, 0x0000000100000000, 0x0000000100000000)
  eden space 536064K, 0% used [0x00000000d6100000,0x00000000d6100000,0x00000000f6c80000)
  from space 64512K, 96% used [0x00000000f6c80000,0x00000000fa931ec0,0x00000000fab80000)
  to   space 74240K, 0% used [0x00000000fb780000,0x00000000fb780000,0x0000000100000000)
 ParOldGen       total 192000K, used 48975K [0x0000000082200000, 0x000000008dd80000, 0x00000000d6100000)
  object space 192000K, 25% used [0x0000000082200000,0x00000000851d3c98,0x000000008dd80000)
 Metaspace       used 69828K, capacity 70890K, committed 71384K, reserved 1112064K
  class space    used 8101K, capacity 8382K, committed 8448K, reserved 1048576K
}

