# JRE version: Java(TM) SE Runtime Environment (8.0_102-b14) (build 1.8.0_102-b14)
# Java VM: Java HotSpot(TM) 64-Bit Server VM (25.102-b14 mixed mode windows-amd64 compressed oops)
Heap:
 PSYoungGen      total 545792K, used 517653K [0x00000000d6100000, 0x0000000100000000, 0x0000000100000000)
  eden space 432128K, 96% used [0x00000000d6100000,0x00000000ef7cb9c0,0x00000000f0700000)
  from space 113664K, 88% used [0x00000000f9100000,0x00000000ff3b9cd8,0x0000000100000000)
  to   space 127488K, 0% used [0x00000000f0700000,0x00000000f0700000,0x00000000f8380000)
 ParOldGen       total 327168K, used 107100K [0x0000000082200000, 0x0000000096180000, 0x00000000d6100000)
  object space 327168K, 32% used [0x0000000082200000,0x0000000088a97388,0x0000000096180000)
 Metaspace       used 144536K, capacity 147132K, committed 147456K, reserved 1179648K
  class space    used 16526K, capacity 17064K, committed 17152K, reserved 1048576K
GC Heap History (10 events):
Event: 618.297 GC heap before
{Heap before GC invocations=28 (full 6):
 PSYoungGen      total 595456K, used 503808K [0x00000000d6100000, 0x0000000100000000, 0x0000000100000000)
  eden space 503808K, 100% used [0x00000000d6100000,0x00000000f4d00000,0x00000000f4d00000)
  from space 91648K, 0% used [0x00000000f4d00000,0x00000000f4d00000,0x00000000fa680000)
  to   space 91648K, 0% used [0x00000000fa680000,0x00000000fa680000,0x0000000100000000)
 ParOldGen       total 327168K, used 107084K [0x0000000082200000, 0x0000000096180000, 0x00000000d6100000)
  object space 327168K, 32% used [0x0000000082200000,0x0000000088a93388,0x0000000096180000)
 Metaspace       used 126087K, capacity 128082K, committed 128640K, reserved 1163264K
  class space    used 14512K, capacity 14935K, committed 14976K, reserved 1048576K
Event: 618.320 GC heap after
Heap after GC invocations=28 (full 6):
 PSYoungGen      total 511488K, used 23934K [0x00000000d6100000, 0x0000000100000000, 0x0000000100000000)
  eden space 419840K, 0% used [0x00000000d6100000,0x00000000d6100000,0x00000000efb00000)
  from space 91648K, 26% used [0x00000000fa680000,0x00000000fbddf9a0,0x0000000100000000)
  to   space 133632K, 0% used [0x00000000efb00000,0x00000000efb00000,0x00000000f7d80000)
 ParOldGen       total 327168K, used 107084K [0x0000000082200000, 0x0000000096180000, 0x00000000d6100000)
  object space 327168K, 32% used [0x0000000082200000,0x0000000088a93388,0x0000000096180000)
 Metaspace       used 126087K, capacity 128082K, committed 128640K, reserved 1163264K
  class space    used 14512K, capacity 14935K, committed 14976K, reserved 1048576K
}
Event: 622.504 GC heap before
{Heap before GC invocations=29 (full 6):
 PSYoungGen      total 511488K, used 443774K [0x00000000d6100000, 0x0000000100000000, 0x0000000100000000)
  eden space 419840K, 100% used [0x00000000d6100000,0x00000000efb00000,0x00000000efb00000)
  from space 91648K, 26% used [0x00000000fa680000,0x00000000fbddf9a0,0x0000000100000000)
  to   space 133632K, 0% used [0x00000000efb00000,0x00000000efb00000,0x00000000f7d80000)
 ParOldGen       total 327168K, used 107084K [0x0000000082200000, 0x0000000096180000, 0x00000000d6100000)
  object space 327168K, 32% used [0x0000000082200000,0x0000000088a93388,0x0000000096180000)
 Metaspace       used 131129K, capacity 133234K, committed 133760K, reserved 1167360K
  class space    used 14967K, capacity 15421K, committed 15488K, reserved 1048576K
Event: 622.659 GC heap after
Heap after GC invocations=29 (full 6):
 PSYoungGen      total 553472K, used 27855K [0x00000000d6100000, 0x0000000100000000, 0x0000000100000000)
  eden space 419840K, 0% used [0x00000000d6100000,0x00000000d6100000,0x00000000efb00000)
  from space 133632K, 20% used [0x00000000efb00000,0x00000000f1633d08,0x00000000f7d80000)
  to   space 128000K, 0% used [0x00000000f8300000,0x00000000f8300000,0x0000000100000000)
 ParOldGen       total 327168K, used 107084K [0x0000000082200000, 0x0000000096180000, 0x00000000d6100000)
  object space 327168K, 32% used [0x0000000082200000,0x0000000088a93388,0x0000000096180000)
 Metaspace       used 131129K, capacity 133234K, committed 133760K, reserved 1167360K
  class space    used 14967K, capacity 15421K, committed 15488K, reserved 1048576K
}
Event: 625.966 GC heap before
{Heap before GC invocations=30 (full 6):
 PSYoungGen      total 553472K, used 447695K [0x00000000d6100000, 0x0000000100000000, 0x0000000100000000)
  eden space 419840K, 100% used [0x00000000d6100000,0x00000000efb00000,0x00000000efb00000)
  from space 133632K, 20% used [0x00000000efb00000,0x00000000f1633d08,0x00000000f7d80000)
  to   space 128000K, 0% used [0x00000000f8300000,0x00000000f8300000,0x0000000100000000)
 ParOldGen       total 327168K, used 107084K [0x0000000082200000, 0x0000000096180000, 0x00000000d6100000)
  object space 327168K, 32% used [0x0000000082200000,0x0000000088a93388,0x0000000096180000)
 Metaspace       used 138376K, capacity 140826K, committed 141056K, reserved 1173504K
  class space    used 15784K, capacity 16281K, committed 16384K, reserved 1048576K
Event: 626.028 GC heap after
Heap after GC invocations=30 (full 6):
 PSYoungGen      total 532480K, used 41640K [0x00000000d6100000, 0x00000000feb80000, 0x0000000100000000)
  eden space 425472K, 0% used [0x00000000d6100000,0x00000000d6100000,0x00000000f0080000)
  from space 107008K, 38% used [0x00000000f8300000,0x00000000fabaa288,0x00000000feb80000)
  to   space 120320K, 0% used [0x00000000f0080000,0x00000000f0080000,0x00000000f7600000)
 ParOldGen       total 327168K, used 107092K [0x0000000082200000, 0x0000000096180000, 0x00000000d6100000)
  object space 327168K, 32% used [0x0000000082200000,0x0000000088a95388,0x0000000096180000)
 Metaspace       used 138376K, capacity 140826K, committed 141056K, reserved 1173504K
  class space    used 15784K, capacity 16281K, committed 16384K, reserved 1048576K
}
Event: 630.594 GC heap before
{Heap before GC invocations=31 (full 6):
 PSYoungGen      total 532480K, used 467112K [0x00000000d6100000, 0x00000000feb80000, 0x0000000100000000)
  eden space 425472K, 100% used [0x00000000d6100000,0x00000000f0080000,0x00000000f0080000)
  from space 107008K, 38% used [0x00000000f8300000,0x00000000fabaa288,0x00000000feb80000)
  to   space 120320K, 0% used [0x00000000f0080000,0x00000000f0080000,0x00000000f7600000)
 ParOldGen       total 327168K, used 107092K [0x0000000082200000, 0x0000000096180000, 0x00000000d6100000)
  object space 327168K, 32% used [0x0000000082200000,0x0000000088a95388,0x0000000096180000)
 Metaspace       used 142463K, capacity 144914K, committed 145152K, reserved 1177600K
  class space    used 16268K, capacity 16759K, committed 16896K, reserved 1048576K
Event: 630.687 GC heap after
Heap after GC invocations=31 (full 6):
 PSYoungGen      total 545792K, used 41979K [0x00000000d6100000, 0x0000000100000000, 0x0000000100000000)
  eden space 425472K, 0% used [0x00000000d6100000,0x00000000d6100000,0x00000000f0080000)
  from space 120320K, 34% used [0x00000000f0080000,0x00000000f297ed48,0x00000000f7600000)
  to   space 113664K, 0% used [0x00000000f9100000,0x00000000f9100000,0x0000000100000000)
 ParOldGen       total 327168K, used 107092K [0x0000000082200000, 0x0000000096180000, 0x00000000d6100000)
  object space 327168K, 32% used [0x0000000082200000,0x0000000088a95388,0x0000000096180000)
 Metaspace       used 142463K, capacity 144914K, committed 145152K, reserved 1177600K
  class space    used 16268K, capacity 16759K, committed 16896K, reserved 1048576K
}
Event: 656.831 GC heap before
{Heap before GC invocations=32 (full 6):
 PSYoungGen      total 545792K, used 467451K [0x00000000d6100000, 0x0000000100000000, 0x0000000100000000)
  eden space 425472K, 100% used [0x00000000d6100000,0x00000000f0080000,0x00000000f0080000)
  from space 120320K, 34% used [0x00000000f0080000,0x00000000f297ed48,0x00000000f7600000)
  to   space 113664K, 0% used [0x00000000f9100000,0x00000000f9100000,0x0000000100000000)
 ParOldGen       total 327168K, used 107092K [0x0000000082200000, 0x0000000096180000, 0x00000000d6100000)
  object space 327168K, 32% used [0x0000000082200000,0x0000000088a95388,0x0000000096180000)
 Metaspace       used 142903K, capacity 145454K, committed 145664K, reserved 1177600K
  class space    used 16313K, capacity 16828K, committed 16896K, reserved 1048576K
Event: 656.916 GC heap after
Heap after GC invocations=32 (full 6):
 PSYoungGen      total 545792K, used 101095K [0x00000000d6100000, 0x0000000100000000, 0x0000000100000000)
  eden space 432128K, 0% used [0x00000000d6100000,0x00000000d6100000,0x00000000f0700000)
  from space 113664K, 88% used [0x00000000f9100000,0x00000000ff3b9cd8,0x0000000100000000)
  to   space 127488K, 0% used [0x00000000f0700000,0x00000000f0700000,0x00000000f8380000)
 ParOldGen       total 327168K, used 107100K [0x0000000082200000, 0x0000000096180000, 0x00000000d6100000)
  object space 327168K, 32% used [0x0000000082200000,0x0000000088a97388,0x0000000096180000)
 Metaspace       used 142903K, capacity 145454K, committed 145664K, reserved 1177600K
  class space    used 16313K, capacity 16828K, committed 16896K, reserved 1048576K
}

