# JRE version: Java(TM) SE Runtime Environment (8.0_102-b14) (build 1.8.0_102-b14)
# Java VM: Java HotSpot(TM) 64-Bit Server VM (25.102-b14 mixed mode windows-amd64 compressed oops)
Heap:
 PSYoungGen      total 248320K, used 30050K [0x000000076b580000, 0x000000078a180000, 0x00000007c0000000)
  eden space 237568K, 8% used [0x000000076b580000,0x000000076c859740,0x0000000779d80000)
  from space 10752K, 99% used [0x000000077be00000,0x000000077c87f3a8,0x000000077c880000)
  to   space 33280K, 0% used [0x0000000779d80000,0x0000000779d80000,0x000000077be00000)
 ParOldGen       total 96256K, used 51970K [0x00000006c2000000, 0x00000006c7e00000, 0x000000076b580000)
  object space 96256K, 53% used [0x00000006c2000000,0x00000006c52c0b50,0x00000006c7e00000)
 Metaspace       used 26686K, capacity 27454K, committed 27648K, reserved 1073152K
  class space    used 3032K, capacity 3238K, committed 3328K, reserved 1048576K
GC Heap History (10 events):
Event: 3.251 GC heap before
{Heap before GC invocations=3 (full 0):
 PSYoungGen      total 140800K, used 139720K [0x000000076b580000, 0x0000000774980000, 0x00000007c0000000)
  eden space 130048K, 100% used [0x000000076b580000,0x0000000773480000,0x0000000773480000)
  from space 10752K, 89% used [0x0000000773f00000,0x0000000774872108,0x0000000774980000)
  to   space 10752K, 0% used [0x0000000773480000,0x0000000773480000,0x0000000773f00000)
 ParOldGen       total 173568K, used 417K [0x00000006c2000000, 0x00000006cc980000, 0x000000076b580000)
  object space 173568K, 0% used [0x00000006c2000000,0x00000006c20687c8,0x00000006cc980000)
 Metaspace       used 20399K, capacity 20882K, committed 21120K, reserved 1067008K
  class space    used 2475K, capacity 2591K, committed 2688K, reserved 1048576K
Event: 3.305 GC heap after
Heap after GC invocations=3 (full 0):
 PSYoungGen      total 140800K, used 10747K [0x000000076b580000, 0x000000077c880000, 0x00000007c0000000)
  eden space 130048K, 0% used [0x000000076b580000,0x000000076b580000,0x0000000773480000)
  from space 10752K, 99% used [0x0000000773480000,0x0000000773efee30,0x0000000773f00000)
  to   space 10752K, 0% used [0x000000077be00000,0x000000077be00000,0x000000077c880000)
 ParOldGen       total 173568K, used 3636K [0x00000006c2000000, 0x00000006cc980000, 0x000000076b580000)
  object space 173568K, 2% used [0x00000006c2000000,0x00000006c238d080,0x00000006cc980000)
 Metaspace       used 20399K, capacity 20882K, committed 21120K, reserved 1067008K
  class space    used 2475K, capacity 2591K, committed 2688K, reserved 1048576K
}
Event: 3.378 GC heap before
{Heap before GC invocations=4 (full 0):
 PSYoungGen      total 140800K, used 15922K [0x000000076b580000, 0x000000077c880000, 0x00000007c0000000)
  eden space 130048K, 3% used [0x000000076b580000,0x000000076ba8db80,0x0000000773480000)
  from space 10752K, 99% used [0x0000000773480000,0x0000000773efee30,0x0000000773f00000)
  to   space 10752K, 0% used [0x000000077be00000,0x000000077be00000,0x000000077c880000)
 ParOldGen       total 173568K, used 3636K [0x00000006c2000000, 0x00000006cc980000, 0x000000076b580000)
  object space 173568K, 2% used [0x00000006c2000000,0x00000006c238d080,0x00000006cc980000)
 Metaspace       used 20649K, capacity 21170K, committed 21296K, reserved 1069056K
  class space    used 2497K, capacity 2623K, committed 2688K, reserved 1048576K
Event: 3.387 GC heap after
Heap after GC invocations=4 (full 0):
 PSYoungGen      total 270848K, used 10750K [0x000000076b580000, 0x000000077c880000, 0x00000007c0000000)
  eden space 260096K, 0% used [0x000000076b580000,0x000000076b580000,0x000000077b380000)
  from space 10752K, 99% used [0x000000077be00000,0x000000077c87f938,0x000000077c880000)
  to   space 10752K, 0% used [0x000000077b380000,0x000000077b380000,0x000000077be00000)
 ParOldGen       total 173568K, used 3919K [0x00000006c2000000, 0x00000006cc980000, 0x000000076b580000)
  object space 173568K, 2% used [0x00000006c2000000,0x00000006c23d3f48,0x00000006cc980000)
 Metaspace       used 20649K, capacity 21170K, committed 21296K, reserved 1069056K
  class space    used 2497K, capacity 2623K, committed 2688K, reserved 1048576K
}
Event: 3.387 GC heap before
{Heap before GC invocations=5 (full 1):
 PSYoungGen      total 270848K, used 10750K [0x000000076b580000, 0x000000077c880000, 0x00000007c0000000)
  eden space 260096K, 0% used [0x000000076b580000,0x000000076b580000,0x000000077b380000)
  from space 10752K, 99% used [0x000000077be00000,0x000000077c87f938,0x000000077c880000)
  to   space 10752K, 0% used [0x000000077b380000,0x000000077b380000,0x000000077be00000)
 ParOldGen       total 173568K, used 3919K [0x00000006c2000000, 0x00000006cc980000, 0x000000076b580000)
  object space 173568K, 2% used [0x00000006c2000000,0x00000006c23d3f48,0x00000006cc980000)
 Metaspace       used 20649K, capacity 21170K, committed 21296K, reserved 1069056K
  class space    used 2497K, capacity 2623K, committed 2688K, reserved 1048576K
Event: 3.430 GC heap after
Heap after GC invocations=5 (full 1):
 PSYoungGen      total 270848K, used 0K [0x000000076b580000, 0x000000077c880000, 0x00000007c0000000)
  eden space 260096K, 0% used [0x000000076b580000,0x000000076b580000,0x000000077b380000)
  from space 10752K, 0% used [0x000000077be00000,0x000000077be00000,0x000000077c880000)
  to   space 10752K, 0% used [0x000000077b380000,0x000000077b380000,0x000000077be00000)
 ParOldGen       total 96256K, used 11976K [0x00000006c2000000, 0x00000006c7e00000, 0x000000076b580000)
  object space 96256K, 12% used [0x00000006c2000000,0x00000006c2bb20a8,0x00000006c7e00000)
 Metaspace       used 20649K, capacity 21170K, committed 21296K, reserved 1069056K
  class space    used 2497K, capacity 2623K, committed 2688K, reserved 1048576K
}
Event: 5.748 GC heap before
{Heap before GC invocations=6 (full 1):
 PSYoungGen      total 270848K, used 260096K [0x000000076b580000, 0x000000077c880000, 0x00000007c0000000)
  eden space 260096K, 100% used [0x000000076b580000,0x000000077b380000,0x000000077b380000)
  from space 10752K, 0% used [0x000000077be00000,0x000000077be00000,0x000000077c880000)
  to   space 10752K, 0% used [0x000000077b380000,0x000000077b380000,0x000000077be00000)
 ParOldGen       total 96256K, used 11976K [0x00000006c2000000, 0x00000006c7e00000, 0x000000076b580000)
  object space 96256K, 12% used [0x00000006c2000000,0x00000006c2bb20a8,0x00000006c7e00000)
 Metaspace       used 23916K, capacity 24490K, committed 24704K, reserved 1071104K
  class space    used 2702K, capacity 2855K, committed 2944K, reserved 1048576K
Event: 5.782 GC heap after
Heap after GC invocations=6 (full 1):
 PSYoungGen      total 270848K, used 10722K [0x000000076b580000, 0x000000077c880000, 0x00000007c0000000)
  eden space 260096K, 0% used [0x000000076b580000,0x000000076b580000,0x000000077b380000)
  from space 10752K, 99% used [0x000000077b380000,0x000000077bdf8ba8,0x000000077be00000)
  to   space 10752K, 0% used [0x000000077be00000,0x000000077be00000,0x000000077c880000)
 ParOldGen       total 96256K, used 42609K [0x00000006c2000000, 0x00000006c7e00000, 0x000000076b580000)
  object space 96256K, 44% used [0x00000006c2000000,0x00000006c499c590,0x00000006c7e00000)
 Metaspace       used 23916K, capacity 24490K, committed 24704K, reserved 1071104K
  class space    used 2702K, capacity 2855K, committed 2944K, reserved 1048576K
}
Event: 7.797 GC heap before
{Heap before GC invocations=7 (full 1):
 PSYoungGen      total 270848K, used 270818K [0x000000076b580000, 0x000000077c880000, 0x00000007c0000000)
  eden space 260096K, 100% used [0x000000076b580000,0x000000077b380000,0x000000077b380000)
  from space 10752K, 99% used [0x000000077b380000,0x000000077bdf8ba8,0x000000077be00000)
  to   space 10752K, 0% used [0x000000077be00000,0x000000077be00000,0x000000077c880000)
 ParOldGen       total 96256K, used 42609K [0x00000006c2000000, 0x00000006c7e00000, 0x000000076b580000)
  object space 96256K, 44% used [0x00000006c2000000,0x00000006c499c590,0x00000006c7e00000)
 Metaspace       used 26611K, capacity 27372K, committed 27648K, reserved 1073152K
  class space    used 3021K, capacity 3235K, committed 3328K, reserved 1048576K
Event: 7.814 GC heap after
Heap after GC invocations=7 (full 1):
 PSYoungGen      total 248320K, used 10748K [0x000000076b580000, 0x000000078a180000, 0x00000007c0000000)
  eden space 237568K, 0% used [0x000000076b580000,0x000000076b580000,0x0000000779d80000)
  from space 10752K, 99% used [0x000000077be00000,0x000000077c87f3a8,0x000000077c880000)
  to   space 33280K, 0% used [0x0000000779d80000,0x0000000779d80000,0x000000077be00000)
 ParOldGen       total 96256K, used 51970K [0x00000006c2000000, 0x00000006c7e00000, 0x000000076b580000)
  object space 96256K, 53% used [0x00000006c2000000,0x00000006c52c0b50,0x00000006c7e00000)
 Metaspace       used 26611K, capacity 27372K, committed 27648K, reserved 1073152K
  class space    used 3021K, capacity 3235K, committed 3328K, reserved 1048576K
}

