# JRE version: Java(TM) SE Runtime Environment (8.0_102-b14) (build 1.8.0_102-b14)
# Java VM: Java HotSpot(TM) 64-Bit Server VM (25.102-b14 mixed mode windows-amd64 compressed oops)
Heap:
 PSYoungGen      total 37888K, used 20596K [0x00000000d6100000, 0x00000000d9f00000, 0x0000000100000000)
  eden space 32768K, 59% used [0x00000000d6100000,0x00000000d7404230,0x00000000d8100000)
  from space 5120K, 21% used [0x00000000d8100000,0x00000000d8218ef0,0x00000000d8600000)
  to   space 5120K, 0% used [0x00000000d9a00000,0x00000000d9a00000,0x00000000d9f00000)
 ParOldGen       total 49152K, used 3539K [0x0000000082200000, 0x0000000085200000, 0x00000000d6100000)
  object space 49152K, 7% used [0x0000000082200000,0x0000000082574e08,0x0000000085200000)
 Metaspace       used 13092K, capacity 13408K, committed 13440K, reserved 1060864K
  class space    used 1609K, capacity 1632K, committed 1664K, reserved 1048576K
GC Heap History (8 events):
Event: 0.652 GC heap before
{Heap before GC invocations=1 (full 0):
 PSYoungGen      total 37888K, used 32768K [0x00000000d6100000, 0x00000000d8b00000, 0x0000000100000000)
  eden space 32768K, 100% used [0x00000000d6100000,0x00000000d8100000,0x00000000d8100000)
  from space 5120K, 0% used [0x00000000d8600000,0x00000000d8600000,0x00000000d8b00000)
  to   space 5120K, 0% used [0x00000000d8100000,0x00000000d8100000,0x00000000d8600000)
 ParOldGen       total 86016K, used 0K [0x0000000082200000, 0x0000000087600000, 0x00000000d6100000)
  object space 86016K, 0% used [0x0000000082200000,0x0000000082200000,0x0000000087600000)
 Metaspace       used 11043K, capacity 11232K, committed 11392K, reserved 1058816K
  class space    used 1309K, capacity 1344K, committed 1408K, reserved 1048576K
Event: 0.657 GC heap after
Heap after GC invocations=1 (full 0):
 PSYoungGen      total 37888K, used 5093K [0x00000000d6100000, 0x00000000d8b00000, 0x0000000100000000)
  eden space 32768K, 0% used [0x00000000d6100000,0x00000000d6100000,0x00000000d8100000)
  from space 5120K, 99% used [0x00000000d8100000,0x00000000d85f9480,0x00000000d8600000)
  to   space 5120K, 0% used [0x00000000d8600000,0x00000000d8600000,0x00000000d8b00000)
 ParOldGen       total 86016K, used 1015K [0x0000000082200000, 0x0000000087600000, 0x00000000d6100000)
  object space 86016K, 1% used [0x0000000082200000,0x00000000822fdc48,0x0000000087600000)
 Metaspace       used 11043K, capacity 11232K, committed 11392K, reserved 1058816K
  class space    used 1309K, capacity 1344K, committed 1408K, reserved 1048576K
}
Event: 0.697 GC heap before
{Heap before GC invocations=2 (full 0):
 PSYoungGen      total 37888K, used 11635K [0x00000000d6100000, 0x00000000d8b00000, 0x0000000100000000)
  eden space 32768K, 19% used [0x00000000d6100000,0x00000000d6763910,0x00000000d8100000)
  from space 5120K, 99% used [0x00000000d8100000,0x00000000d85f9480,0x00000000d8600000)
  to   space 5120K, 0% used [0x00000000d8600000,0x00000000d8600000,0x00000000d8b00000)
 ParOldGen       total 86016K, used 1015K [0x0000000082200000, 0x0000000087600000, 0x00000000d6100000)
  object space 86016K, 1% used [0x0000000082200000,0x00000000822fdc48,0x0000000087600000)
 Metaspace       used 11374K, capacity 11584K, committed 11648K, reserved 1062912K
  class space    used 1338K, capacity 1376K, committed 1408K, reserved 1048576K
Event: 0.701 GC heap after
Heap after GC invocations=2 (full 0):
 PSYoungGen      total 37888K, used 3572K [0x00000000d6100000, 0x00000000d8b00000, 0x0000000100000000)
  eden space 32768K, 0% used [0x00000000d6100000,0x00000000d6100000,0x00000000d8100000)
  from space 5120K, 69% used [0x00000000d8600000,0x00000000d897d2f0,0x00000000d8b00000)
  to   space 5120K, 0% used [0x00000000d8100000,0x00000000d8100000,0x00000000d8600000)
 ParOldGen       total 86016K, used 1023K [0x0000000082200000, 0x0000000087600000, 0x00000000d6100000)
  object space 86016K, 1% used [0x0000000082200000,0x00000000822ffc48,0x0000000087600000)
 Metaspace       used 11374K, capacity 11584K, committed 11648K, reserved 1062912K
  class space    used 1338K, capacity 1376K, committed 1408K, reserved 1048576K
}
Event: 0.701 GC heap before
{Heap before GC invocations=3 (full 1):
 PSYoungGen      total 37888K, used 3572K [0x00000000d6100000, 0x00000000d8b00000, 0x0000000100000000)
  eden space 32768K, 0% used [0x00000000d6100000,0x00000000d6100000,0x00000000d8100000)
  from space 5120K, 69% used [0x00000000d8600000,0x00000000d897d2f0,0x00000000d8b00000)
  to   space 5120K, 0% used [0x00000000d8100000,0x00000000d8100000,0x00000000d8600000)
 ParOldGen       total 86016K, used 1023K [0x0000000082200000, 0x0000000087600000, 0x00000000d6100000)
  object space 86016K, 1% used [0x0000000082200000,0x00000000822ffc48,0x0000000087600000)
 Metaspace       used 11374K, capacity 11584K, committed 11648K, reserved 1062912K
  class space    used 1338K, capacity 1376K, committed 1408K, reserved 1048576K
Event: 0.714 GC heap after
Heap after GC invocations=3 (full 1):
 PSYoungGen      total 37888K, used 0K [0x00000000d6100000, 0x00000000d8b00000, 0x0000000100000000)
  eden space 32768K, 0% used [0x00000000d6100000,0x00000000d6100000,0x00000000d8100000)
  from space 5120K, 0% used [0x00000000d8600000,0x00000000d8600000,0x00000000d8b00000)
  to   space 5120K, 0% used [0x00000000d8100000,0x00000000d8100000,0x00000000d8600000)
 ParOldGen       total 49152K, used 3531K [0x0000000082200000, 0x0000000085200000, 0x00000000d6100000)
  object space 49152K, 7% used [0x0000000082200000,0x0000000082572e08,0x0000000085200000)
 Metaspace       used 11374K, capacity 11584K, committed 11648K, reserved 1060864K
  class space    used 1338K, capacity 1376K, committed 1408K, reserved 1048576K
}
Event: 0.798 GC heap before
{Heap before GC invocations=4 (full 1):
 PSYoungGen      total 37888K, used 32716K [0x00000000d6100000, 0x00000000d8b00000, 0x0000000100000000)
  eden space 32768K, 99% used [0x00000000d6100000,0x00000000d80f3398,0x00000000d8100000)
  from space 5120K, 0% used [0x00000000d8600000,0x00000000d8600000,0x00000000d8b00000)
  to   space 5120K, 0% used [0x00000000d8100000,0x00000000d8100000,0x00000000d8600000)
 ParOldGen       total 49152K, used 3531K [0x0000000082200000, 0x0000000085200000, 0x00000000d6100000)
  object space 49152K, 7% used [0x0000000082200000,0x0000000082572e08,0x0000000085200000)
 Metaspace       used 11760K, capacity 12096K, committed 12160K, reserved 1060864K
  class space    used 1377K, capacity 1408K, committed 1408K, reserved 1048576K
Event: 0.799 GC heap after
Heap after GC invocations=4 (full 1):
 PSYoungGen      total 37888K, used 1123K [0x00000000d6100000, 0x00000000d9f00000, 0x0000000100000000)
  eden space 32768K, 0% used [0x00000000d6100000,0x00000000d6100000,0x00000000d8100000)
  from space 5120K, 21% used [0x00000000d8100000,0x00000000d8218ef0,0x00000000d8600000)
  to   space 5120K, 0% used [0x00000000d9a00000,0x00000000d9a00000,0x00000000d9f00000)
 ParOldGen       total 49152K, used 3539K [0x0000000082200000, 0x0000000085200000, 0x00000000d6100000)
  object space 49152K, 7% used [0x0000000082200000,0x0000000082574e08,0x0000000085200000)
 Metaspace       used 11760K, capacity 12096K, committed 12160K, reserved 1060864K
  class space    used 1377K, capacity 1408K, committed 1408K, reserved 1048576K
}

