# JRE version: Java(TM) SE Runtime Environment (8.0_102-b14) (build 1.8.0_102-b14)
# Java VM: Java HotSpot(TM) 64-Bit Server VM (25.102-b14 mixed mode windows-amd64 compressed oops)
Heap:
 PSYoungGen      total 912384K, used 694017K [0x000000076b580000, 0x00000007bf200000, 0x00000007c0000000)
  eden space 886272K, 75% used [0x000000076b580000,0x00000007941deb90,0x00000007a1700000)
  from space 26112K, 99% used [0x00000007a1700000,0x00000007a3061bb0,0x00000007a3080000)
  to   space 243200K, 0% used [0x00000007b0480000,0x00000007b0480000,0x00000007bf200000)
 ParOldGen       total 863232K, used 687423K [0x00000006c2000000, 0x00000006f6b00000, 0x000000076b580000)
  object space 863232K, 79% used [0x00000006c2000000,0x00000006ebf4fea0,0x00000006f6b00000)
 Metaspace       used 737270K, capacity 747300K, committed 748584K, reserved 1705984K
  class space    used 90714K, capacity 92645K, committed 92720K, reserved 1048576K
GC Heap History (10 events):
Event: 2246.219 GC heap before
{Heap before GC invocations=68 (full 9):
 PSYoungGen      total 1127936K, used 1047852K [0x000000076b580000, 0x00000007c0000000, 0x00000007c0000000)
  eden space 897536K, 100% used [0x000000076b580000,0x00000007a2200000,0x00000007a2200000)
  from space 230400K, 65% used [0x00000007b1f00000,0x00000007bb1cb160,0x00000007c0000000)
  to   space 244736K, 0% used [0x00000007a2200000,0x00000007a2200000,0x00000007b1100000)
 ParOldGen       total 863232K, used 609068K [0x00000006c2000000, 0x00000006f6b00000, 0x000000076b580000)
  object space 863232K, 70% used [0x00000006c2000000,0x00000006e72cb388,0x00000006f6b00000)
 Metaspace       used 688116K, capacity 697366K, committed 698664K, reserved 1660928K
  class space    used 84488K, capacity 86255K, committed 86320K, reserved 1048576K
Event: 2246.257 GC heap after
Heap after GC invocations=68 (full 9):
 PSYoungGen      total 1142272K, used 34636K [0x000000076b580000, 0x00000007c0000000, 0x00000007c0000000)
  eden space 897536K, 0% used [0x000000076b580000,0x000000076b580000,0x00000007a2200000)
  from space 244736K, 14% used [0x00000007a2200000,0x00000007a43d3060,0x00000007b1100000)
  to   space 241152K, 0% used [0x00000007b1480000,0x00000007b1480000,0x00000007c0000000)
 ParOldGen       total 863232K, used 620746K [0x00000006c2000000, 0x00000006f6b00000, 0x000000076b580000)
  object space 863232K, 71% used [0x00000006c2000000,0x00000006e7e32ae0,0x00000006f6b00000)
 Metaspace       used 688116K, capacity 697366K, committed 698664K, reserved 1660928K
  class space    used 84488K, capacity 86255K, committed 86320K, reserved 1048576K
}
Event: 2398.768 GC heap before
{Heap before GC invocations=69 (full 9):
 PSYoungGen      total 1142272K, used 932172K [0x000000076b580000, 0x00000007c0000000, 0x00000007c0000000)
  eden space 897536K, 100% used [0x000000076b580000,0x00000007a2200000,0x00000007a2200000)
  from space 244736K, 14% used [0x00000007a2200000,0x00000007a43d3060,0x00000007b1100000)
  to   space 241152K, 0% used [0x00000007b1480000,0x00000007b1480000,0x00000007c0000000)
 ParOldGen       total 863232K, used 620746K [0x00000006c2000000, 0x00000006f6b00000, 0x000000076b580000)
  object space 863232K, 71% used [0x00000006c2000000,0x00000006e7e32ae0,0x00000006f6b00000)
 Metaspace       used 697093K, capacity 706608K, committed 707880K, reserved 1669120K
  class space    used 85658K, capacity 87487K, committed 87600K, reserved 1048576K
Event: 2398.815 GC heap after
Heap after GC invocations=69 (full 9):
 PSYoungGen      total 1126400K, used 44749K [0x000000076b580000, 0x00000007bf080000, 0x00000007c0000000)
  eden space 901120K, 0% used [0x000000076b580000,0x000000076b580000,0x00000007a2580000)
  from space 225280K, 19% used [0x00000007b1480000,0x00000007b4033418,0x00000007bf080000)
  to   space 235008K, 0% used [0x00000007a2580000,0x00000007a2580000,0x00000007b0b00000)
 ParOldGen       total 863232K, used 643783K [0x00000006c2000000, 0x00000006f6b00000, 0x000000076b580000)
  object space 863232K, 74% used [0x00000006c2000000,0x00000006e94b1fe0,0x00000006f6b00000)
 Metaspace       used 697093K, capacity 706608K, committed 707880K, reserved 1669120K
  class space    used 85658K, capacity 87487K, committed 87600K, reserved 1048576K
}
Event: 2402.280 GC heap before
{Heap before GC invocations=70 (full 9):
 PSYoungGen      total 1126400K, used 945869K [0x000000076b580000, 0x00000007bf080000, 0x00000007c0000000)
  eden space 901120K, 100% used [0x000000076b580000,0x00000007a2580000,0x00000007a2580000)
  from space 225280K, 19% used [0x00000007b1480000,0x00000007b4033418,0x00000007bf080000)
  to   space 235008K, 0% used [0x00000007a2580000,0x00000007a2580000,0x00000007b0b00000)
 ParOldGen       total 863232K, used 643783K [0x00000006c2000000, 0x00000006f6b00000, 0x000000076b580000)
  object space 863232K, 74% used [0x00000006c2000000,0x00000006e94b1fe0,0x00000006f6b00000)
 Metaspace       used 713500K, capacity 723230K, committed 724520K, reserved 1683456K
  class space    used 87935K, capacity 89809K, committed 89904K, reserved 1048576K
Event: 2402.427 GC heap after
Heap after GC invocations=70 (full 9):
 PSYoungGen      total 1076224K, used 174833K [0x000000076b580000, 0x00000007c0000000, 0x00000007c0000000)
  eden space 901120K, 0% used [0x000000076b580000,0x000000076b580000,0x00000007a2580000)
  from space 175104K, 99% used [0x00000007a2580000,0x00000007ad03c4c8,0x00000007ad080000)
  to   space 252416K, 0% used [0x00000007b0980000,0x00000007b0980000,0x00000007c0000000)
 ParOldGen       total 863232K, used 653552K [0x00000006c2000000, 0x00000006f6b00000, 0x000000076b580000)
  object space 863232K, 75% used [0x00000006c2000000,0x00000006e9e3c020,0x00000006f6b00000)
 Metaspace       used 713500K, capacity 723230K, committed 724520K, reserved 1683456K
  class space    used 87935K, capacity 89809K, committed 89904K, reserved 1048576K
}
Event: 2410.953 GC heap before
{Heap before GC invocations=71 (full 9):
 PSYoungGen      total 1076224K, used 1075953K [0x000000076b580000, 0x00000007c0000000, 0x00000007c0000000)
  eden space 901120K, 100% used [0x000000076b580000,0x00000007a2580000,0x00000007a2580000)
  from space 175104K, 99% used [0x00000007a2580000,0x00000007ad03c4c8,0x00000007ad080000)
  to   space 252416K, 0% used [0x00000007b0980000,0x00000007b0980000,0x00000007c0000000)
 ParOldGen       total 863232K, used 653552K [0x00000006c2000000, 0x00000006f6b00000, 0x000000076b580000)
  object space 863232K, 75% used [0x00000006c2000000,0x00000006e9e3c020,0x00000006f6b00000)
 Metaspace       used 725422K, capacity 735224K, committed 736552K, reserved 1695744K
  class space    used 89269K, capacity 91154K, committed 91184K, reserved 1048576K
Event: 2410.998 GC heap after
Heap after GC invocations=71 (full 9):
 PSYoungGen      total 1138688K, used 29823K [0x000000076b580000, 0x00000007c0000000, 0x00000007c0000000)
  eden space 886272K, 0% used [0x000000076b580000,0x000000076b580000,0x00000007a1700000)
  from space 252416K, 11% used [0x00000007b0980000,0x00000007b269fed8,0x00000007c0000000)
  to   space 248320K, 0% used [0x00000007a1700000,0x00000007a1700000,0x00000007b0980000)
 ParOldGen       total 863232K, used 665767K [0x00000006c2000000, 0x00000006f6b00000, 0x000000076b580000)
  object space 863232K, 77% used [0x00000006c2000000,0x00000006eaa29c50,0x00000006f6b00000)
 Metaspace       used 725422K, capacity 735224K, committed 736552K, reserved 1695744K
  class space    used 89269K, capacity 91154K, committed 91184K, reserved 1048576K
}
Event: 2418.846 GC heap before
{Heap before GC invocations=72 (full 9):
 PSYoungGen      total 1138688K, used 916095K [0x000000076b580000, 0x00000007c0000000, 0x00000007c0000000)
  eden space 886272K, 100% used [0x000000076b580000,0x00000007a1700000,0x00000007a1700000)
  from space 252416K, 11% used [0x00000007b0980000,0x00000007b269fed8,0x00000007c0000000)
  to   space 248320K, 0% used [0x00000007a1700000,0x00000007a1700000,0x00000007b0980000)
 ParOldGen       total 863232K, used 665767K [0x00000006c2000000, 0x00000006f6b00000, 0x000000076b580000)
  object space 863232K, 77% used [0x00000006c2000000,0x00000006eaa29c50,0x00000006f6b00000)
 Metaspace       used 737076K, capacity 747134K, committed 748328K, reserved 1705984K
  class space    used 90681K, capacity 92611K, committed 92720K, reserved 1048576K
Event: 2418.904 GC heap after
Heap after GC invocations=72 (full 9):
 PSYoungGen      total 912384K, used 25990K [0x000000076b580000, 0x00000007bf200000, 0x00000007c0000000)
  eden space 886272K, 0% used [0x000000076b580000,0x000000076b580000,0x00000007a1700000)
  from space 26112K, 99% used [0x00000007a1700000,0x00000007a3061bb0,0x00000007a3080000)
  to   space 243200K, 0% used [0x00000007b0480000,0x00000007b0480000,0x00000007bf200000)
 ParOldGen       total 863232K, used 687423K [0x00000006c2000000, 0x00000006f6b00000, 0x000000076b580000)
  object space 863232K, 79% used [0x00000006c2000000,0x00000006ebf4fea0,0x00000006f6b00000)
 Metaspace       used 737076K, capacity 747134K, committed 748328K, reserved 1705984K
  class space    used 90681K, capacity 92611K, committed 92720K, reserved 1048576K
}

