# JRE version: Java(TM) SE Runtime Environment (8.0_102-b14) (build 1.8.0_102-b14)
# Java VM: Java HotSpot(TM) 64-Bit Server VM (25.102-b14 mixed mode windows-amd64 compressed oops)
Heap:
 PSYoungGen      total 1095168K, used 707506K [0x000000076b580000, 0x00000007bfd00000, 0x00000007c0000000)
  eden space 818688K, 83% used [0x000000076b580000,0x0000000794fa9110,0x000000079d500000)
  from space 276480K, 9% used [0x00000007aef00000,0x00000007b07c3a88,0x00000007bfd00000)
  to   space 282624K, 0% used [0x000000079d500000,0x000000079d500000,0x00000007ae900000)
 ParOldGen       total 678912K, used 343184K [0x00000006c2000000, 0x00000006eb700000, 0x000000076b580000)
  object space 678912K, 50% used [0x00000006c2000000,0x00000006d6f243f0,0x00000006eb700000)
 Metaspace       used 414709K, capacity 420262K, committed 421336K, reserved 1419264K
  class space    used 49825K, capacity 50914K, committed 50944K, reserved 1048576K
GC Heap History (10 events):
Event: 2224.220 GC heap before
{Heap before GC invocations=43 (full 6):
 PSYoungGen      total 1101824K, used 1003772K [0x000000076b580000, 0x00000007be600000, 0x00000007c0000000)
  eden space 877056K, 100% used [0x000000076b580000,0x00000007a0e00000,0x00000007a0e00000)
  from space 224768K, 56% used [0x00000007b0a80000,0x00000007b863f158,0x00000007be600000)
  to   space 241664K, 0% used [0x00000007a0e00000,0x00000007a0e00000,0x00000007afa00000)
 ParOldGen       total 533504K, used 215111K [0x00000006c2000000, 0x00000006e2900000, 0x000000076b580000)
  object space 533504K, 40% used [0x00000006c2000000,0x00000006cf211f20,0x00000006e2900000)
 Metaspace       used 373718K, capacity 379102K, committed 380120K, reserved 1384448K
  class space    used 44742K, capacity 45744K, committed 45824K, reserved 1048576K
Event: 2224.411 GC heap after
Heap after GC invocations=43 (full 6):
 PSYoungGen      total 1118720K, used 241657K [0x000000076b580000, 0x00000007c0000000, 0x00000007c0000000)
  eden space 877056K, 0% used [0x000000076b580000,0x000000076b580000,0x00000007a0e00000)
  from space 241664K, 99% used [0x00000007a0e00000,0x00000007af9fe5a0,0x00000007afa00000)
  to   space 268288K, 0% used [0x00000007afa00000,0x00000007afa00000,0x00000007c0000000)
 ParOldGen       total 533504K, used 250264K [0x00000006c2000000, 0x00000006e2900000, 0x000000076b580000)
  object space 533504K, 46% used [0x00000006c2000000,0x00000006d1466250,0x00000006e2900000)
 Metaspace       used 373718K, capacity 379102K, committed 380120K, reserved 1384448K
  class space    used 44742K, capacity 45744K, committed 45824K, reserved 1048576K
}
Event: 2230.950 GC heap before
{Heap before GC invocations=44 (full 6):
 PSYoungGen      total 1118720K, used 1118713K [0x000000076b580000, 0x00000007c0000000, 0x00000007c0000000)
  eden space 877056K, 100% used [0x000000076b580000,0x00000007a0e00000,0x00000007a0e00000)
  from space 241664K, 99% used [0x00000007a0e00000,0x00000007af9fe5a0,0x00000007afa00000)
  to   space 268288K, 0% used [0x00000007afa00000,0x00000007afa00000,0x00000007c0000000)
 ParOldGen       total 533504K, used 250267K [0x00000006c2000000, 0x00000006e2900000, 0x000000076b580000)
  object space 533504K, 46% used [0x00000006c2000000,0x00000006d1466fc8,0x00000006e2900000)
 Metaspace       used 399770K, capacity 405422K, committed 406488K, reserved 1406976K
  class space    used 48092K, capacity 49145K, committed 49152K, reserved 1048576K
Event: 2231.097 GC heap after
Heap after GC invocations=44 (full 6):
 PSYoungGen      total 1075712K, used 172420K [0x000000076b580000, 0x00000007c0000000, 0x00000007c0000000)
  eden space 807424K, 0% used [0x000000076b580000,0x000000076b580000,0x000000079ca00000)
  from space 268288K, 64% used [0x00000007afa00000,0x00000007ba2610d8,0x00000007c0000000)
  to   space 289792K, 0% used [0x000000079ca00000,0x000000079ca00000,0x00000007ae500000)
 ParOldGen       total 533504K, used 253560K [0x00000006c2000000, 0x00000006e2900000, 0x000000076b580000)
  object space 533504K, 47% used [0x00000006c2000000,0x00000006d179e380,0x00000006e2900000)
 Metaspace       used 399770K, capacity 405422K, committed 406488K, reserved 1406976K
  class space    used 48092K, capacity 49145K, committed 49152K, reserved 1048576K
}
Event: 2235.256 GC heap before
{Heap before GC invocations=45 (full 6):
 PSYoungGen      total 1075712K, used 604945K [0x000000076b580000, 0x00000007c0000000, 0x00000007c0000000)
  eden space 807424K, 53% used [0x000000076b580000,0x0000000785be3350,0x000000079ca00000)
  from space 268288K, 64% used [0x00000007afa00000,0x00000007ba2610d8,0x00000007c0000000)
  to   space 289792K, 0% used [0x000000079ca00000,0x000000079ca00000,0x00000007ae500000)
 ParOldGen       total 533504K, used 253560K [0x00000006c2000000, 0x00000006e2900000, 0x000000076b580000)
  object space 533504K, 47% used [0x00000006c2000000,0x00000006d179e380,0x00000006e2900000)
 Metaspace       used 402894K, capacity 408518K, committed 409688K, reserved 1409024K
  class space    used 48391K, capacity 49443K, committed 49536K, reserved 1048576K
Event: 2235.349 GC heap after
Heap after GC invocations=45 (full 6):
 PSYoungGen      total 1097216K, used 144639K [0x000000076b580000, 0x00000007bff00000, 0x00000007c0000000)
  eden space 807424K, 0% used [0x000000076b580000,0x000000076b580000,0x000000079ca00000)
  from space 289792K, 49% used [0x000000079ca00000,0x00000007a573fde8,0x00000007ae500000)
  to   space 278528K, 0% used [0x00000007aef00000,0x00000007aef00000,0x00000007bff00000)
 ParOldGen       total 533504K, used 253576K [0x00000006c2000000, 0x00000006e2900000, 0x000000076b580000)
  object space 533504K, 47% used [0x00000006c2000000,0x00000006d17a2390,0x00000006e2900000)
 Metaspace       used 402894K, capacity 408518K, committed 409688K, reserved 1409024K
  class space    used 48391K, capacity 49443K, committed 49536K, reserved 1048576K
}
Event: 2235.349 GC heap before
{Heap before GC invocations=46 (full 7):
 PSYoungGen      total 1097216K, used 144639K [0x000000076b580000, 0x00000007bff00000, 0x00000007c0000000)
  eden space 807424K, 0% used [0x000000076b580000,0x000000076b580000,0x000000079ca00000)
  from space 289792K, 49% used [0x000000079ca00000,0x00000007a573fde8,0x00000007ae500000)
  to   space 278528K, 0% used [0x00000007aef00000,0x00000007aef00000,0x00000007bff00000)
 ParOldGen       total 533504K, used 253576K [0x00000006c2000000, 0x00000006e2900000, 0x000000076b580000)
  object space 533504K, 47% used [0x00000006c2000000,0x00000006d17a2390,0x00000006e2900000)
 Metaspace       used 402894K, capacity 408518K, committed 409688K, reserved 1409024K
  class space    used 48391K, capacity 49443K, committed 49536K, reserved 1048576K
Event: 2236.167 GC heap after
Heap after GC invocations=46 (full 7):
 PSYoungGen      total 1097216K, used 0K [0x000000076b580000, 0x00000007bff00000, 0x00000007c0000000)
  eden space 807424K, 0% used [0x000000076b580000,0x000000076b580000,0x000000079ca00000)
  from space 289792K, 0% used [0x000000079ca00000,0x000000079ca00000,0x00000007ae500000)
  to   space 278528K, 0% used [0x00000007aef00000,0x00000007aef00000,0x00000007bff00000)
 ParOldGen       total 678912K, used 343184K [0x00000006c2000000, 0x00000006eb700000, 0x000000076b580000)
  object space 678912K, 50% used [0x00000006c2000000,0x00000006d6f243f0,0x00000006eb700000)
 Metaspace       used 402741K, capacity 407994K, committed 409688K, reserved 1409024K
  class space    used 48381K, capacity 49423K, committed 49536K, reserved 1048576K
}
Event: 2242.652 GC heap before
{Heap before GC invocations=47 (full 7):
 PSYoungGen      total 1097216K, used 807424K [0x000000076b580000, 0x00000007bff00000, 0x00000007c0000000)
  eden space 807424K, 100% used [0x000000076b580000,0x000000079ca00000,0x000000079ca00000)
  from space 289792K, 0% used [0x000000079ca00000,0x000000079ca00000,0x00000007ae500000)
  to   space 278528K, 0% used [0x00000007aef00000,0x00000007aef00000,0x00000007bff00000)
 ParOldGen       total 678912K, used 343184K [0x00000006c2000000, 0x00000006eb700000, 0x000000076b580000)
  object space 678912K, 50% used [0x00000006c2000000,0x00000006d6f243f0,0x00000006eb700000)
 Metaspace       used 414313K, capacity 419830K, committed 421080K, reserved 1419264K
  class space    used 49779K, capacity 50841K, committed 50944K, reserved 1048576K
Event: 2242.688 GC heap after
Heap after GC invocations=47 (full 7):
 PSYoungGen      total 1095168K, used 25358K [0x000000076b580000, 0x00000007bfd00000, 0x00000007c0000000)
  eden space 818688K, 0% used [0x000000076b580000,0x000000076b580000,0x000000079d500000)
  from space 276480K, 9% used [0x00000007aef00000,0x00000007b07c3a88,0x00000007bfd00000)
  to   space 282624K, 0% used [0x000000079d500000,0x000000079d500000,0x00000007ae900000)
 ParOldGen       total 678912K, used 343184K [0x00000006c2000000, 0x00000006eb700000, 0x000000076b580000)
  object space 678912K, 50% used [0x00000006c2000000,0x00000006d6f243f0,0x00000006eb700000)
 Metaspace       used 414313K, capacity 419830K, committed 421080K, reserved 1419264K
  class space    used 49779K, capacity 50841K, committed 50944K, reserved 1048576K
}

