# JRE version: Java(TM) SE Runtime Environment (8.0_102-b14) (build 1.8.0_102-b14)
# Java VM: Java HotSpot(TM) 64-Bit Server VM (25.102-b14 mixed mode windows-amd64 compressed oops)
Heap:
 PSYoungGen      total 1154048K, used 766115K [0x000000076b580000, 0x00000007bfc00000, 0x00000007c0000000)
  eden space 925696K, 78% used [0x000000076b580000,0x0000000797f78ed0,0x00000007a3d80000)
  from space 228352K, 15% used [0x00000007b1a80000,0x00000007b3caff40,0x00000007bf980000)
  to   space 226304K, 0% used [0x00000007a3d80000,0x00000007a3d80000,0x00000007b1a80000)
 ParOldGen       total 1032704K, used 755117K [0x00000006c2000000, 0x0000000701080000, 0x000000076b580000)
  object space 1032704K, 73% used [0x00000006c2000000,0x00000006f016b7c8,0x0000000701080000)
 Metaspace       used 757361K, capacity 767770K, committed 768252K, reserved 1722368K
  class space    used 92649K, capacity 94457K, committed 94512K, reserved 1048576K
GC Heap History (10 events):
Event: 1722.016 GC heap before
{Heap before GC invocations=76 (full 8):
 PSYoungGen      total 1111552K, used 904293K [0x000000076b580000, 0x00000007c0000000, 0x00000007c0000000)
  eden space 862208K, 100% used [0x000000076b580000,0x000000079ff80000,0x000000079ff80000)
  from space 249344K, 16% used [0x000000079ff80000,0x00000007a28994e8,0x00000007af300000)
  to   space 249344K, 0% used [0x00000007b0c80000,0x00000007b0c80000,0x00000007c0000000)
 ParOldGen       total 1032704K, used 680043K [0x00000006c2000000, 0x0000000701080000, 0x000000076b580000)
  object space 1032704K, 65% used [0x00000006c2000000,0x00000006eb81adc0,0x0000000701080000)
 Metaspace       used 708866K, capacity 718396K, committed 718716K, reserved 1679360K
  class space    used 86551K, capacity 88236K, committed 88240K, reserved 1048576K
Event: 1722.091 GC heap after
Heap after GC invocations=76 (full 8):
 PSYoungGen      total 1131520K, used 47772K [0x000000076b580000, 0x00000007bfa00000, 0x00000007c0000000)
  eden space 888320K, 0% used [0x000000076b580000,0x000000076b580000,0x00000007a1900000)
  from space 243200K, 19% used [0x00000007b0c80000,0x00000007b3b27170,0x00000007bfa00000)
  to   space 246272K, 0% used [0x00000007a1900000,0x00000007a1900000,0x00000007b0980000)
 ParOldGen       total 1032704K, used 680051K [0x00000006c2000000, 0x0000000701080000, 0x000000076b580000)
  object space 1032704K, 65% used [0x00000006c2000000,0x00000006eb81cdc0,0x0000000701080000)
 Metaspace       used 708866K, capacity 718396K, committed 718716K, reserved 1679360K
  class space    used 86551K, capacity 88236K, committed 88240K, reserved 1048576K
}
Event: 1746.802 GC heap before
{Heap before GC invocations=77 (full 8):
 PSYoungGen      total 1131520K, used 936092K [0x000000076b580000, 0x00000007bfa00000, 0x00000007c0000000)
  eden space 888320K, 100% used [0x000000076b580000,0x00000007a1900000,0x00000007a1900000)
  from space 243200K, 19% used [0x00000007b0c80000,0x00000007b3b27170,0x00000007bfa00000)
  to   space 246272K, 0% used [0x00000007a1900000,0x00000007a1900000,0x00000007b0980000)
 ParOldGen       total 1032704K, used 680123K [0x00000006c2000000, 0x0000000701080000, 0x000000076b580000)
  object space 1032704K, 65% used [0x00000006c2000000,0x00000006eb82ee18,0x0000000701080000)
 Metaspace       used 712901K, capacity 722512K, committed 722812K, reserved 1683456K
  class space    used 87061K, capacity 88747K, committed 88752K, reserved 1048576K
Event: 1746.896 GC heap after
Heap after GC invocations=77 (full 8):
 PSYoungGen      total 979456K, used 90980K [0x000000076b580000, 0x00000007bed00000, 0x00000007c0000000)
  eden space 888320K, 0% used [0x000000076b580000,0x000000076b580000,0x00000007a1900000)
  from space 91136K, 99% used [0x00000007a1900000,0x00000007a71d92f0,0x00000007a7200000)
  to   space 235008K, 0% used [0x00000007b0780000,0x00000007b0780000,0x00000007bed00000)
 ParOldGen       total 1032704K, used 712998K [0x00000006c2000000, 0x0000000701080000, 0x000000076b580000)
  object space 1032704K, 69% used [0x00000006c2000000,0x00000006ed849980,0x0000000701080000)
 Metaspace       used 712901K, capacity 722512K, committed 722812K, reserved 1683456K
  class space    used 87061K, capacity 88747K, committed 88752K, reserved 1048576K
}
Event: 1753.018 GC heap before
{Heap before GC invocations=78 (full 8):
 PSYoungGen      total 979456K, used 979300K [0x000000076b580000, 0x00000007bed00000, 0x00000007c0000000)
  eden space 888320K, 100% used [0x000000076b580000,0x00000007a1900000,0x00000007a1900000)
  from space 91136K, 99% used [0x00000007a1900000,0x00000007a71d92f0,0x00000007a7200000)
  to   space 235008K, 0% used [0x00000007b0780000,0x00000007b0780000,0x00000007bed00000)
 ParOldGen       total 1032704K, used 713004K [0x00000006c2000000, 0x0000000701080000, 0x000000076b580000)
  object space 1032704K, 69% used [0x00000006c2000000,0x00000006ed84b060,0x0000000701080000)
 Metaspace       used 731224K, capacity 741088K, committed 741500K, reserved 1699840K
  class space    used 89565K, capacity 91304K, committed 91312K, reserved 1048576K
Event: 1753.114 GC heap after
Heap after GC invocations=78 (full 8):
 PSYoungGen      total 1139200K, used 121531K [0x000000076b580000, 0x00000007c0000000, 0x00000007c0000000)
  eden space 904192K, 0% used [0x000000076b580000,0x000000076b580000,0x00000007a2880000)
  from space 235008K, 51% used [0x00000007b0780000,0x00000007b7e2eec8,0x00000007bed00000)
  to   space 228352K, 0% used [0x00000007a2880000,0x00000007a2880000,0x00000007b0780000)
 ParOldGen       total 1032704K, used 720708K [0x00000006c2000000, 0x0000000701080000, 0x000000076b580000)
  object space 1032704K, 69% used [0x00000006c2000000,0x00000006edfd1090,0x0000000701080000)
 Metaspace       used 731224K, capacity 741088K, committed 741500K, reserved 1699840K
  class space    used 89565K, capacity 91304K, committed 91312K, reserved 1048576K
}
Event: 1761.245 GC heap before
{Heap before GC invocations=79 (full 8):
 PSYoungGen      total 1139200K, used 1025723K [0x000000076b580000, 0x00000007c0000000, 0x00000007c0000000)
  eden space 904192K, 100% used [0x000000076b580000,0x00000007a2880000,0x00000007a2880000)
  from space 235008K, 51% used [0x00000007b0780000,0x00000007b7e2eec8,0x00000007bed00000)
  to   space 228352K, 0% used [0x00000007a2880000,0x00000007a2880000,0x00000007b0780000)
 ParOldGen       total 1032704K, used 720708K [0x00000006c2000000, 0x0000000701080000, 0x000000076b580000)
  object space 1032704K, 69% used [0x00000006c2000000,0x00000006edfd1090,0x0000000701080000)
 Metaspace       used 743751K, capacity 753666K, committed 754428K, reserved 1712128K
  class space    used 90871K, capacity 92613K, committed 92720K, reserved 1048576K
Event: 1761.285 GC heap after
Heap after GC invocations=79 (full 8):
 PSYoungGen      total 1132544K, used 33787K [0x000000076b580000, 0x00000007bf980000, 0x00000007c0000000)
  eden space 904192K, 0% used [0x000000076b580000,0x000000076b580000,0x00000007a2880000)
  from space 228352K, 14% used [0x00000007a2880000,0x00000007a497ee18,0x00000007b0780000)
  to   space 228352K, 0% used [0x00000007b1a80000,0x00000007b1a80000,0x00000007bf980000)
 ParOldGen       total 1032704K, used 731519K [0x00000006c2000000, 0x0000000701080000, 0x000000076b580000)
  object space 1032704K, 70% used [0x00000006c2000000,0x00000006eea5fe28,0x0000000701080000)
 Metaspace       used 743751K, capacity 753666K, committed 754428K, reserved 1712128K
  class space    used 90871K, capacity 92613K, committed 92720K, reserved 1048576K
}
Event: 1794.376 GC heap before
{Heap before GC invocations=80 (full 8):
 PSYoungGen      total 1132544K, used 937979K [0x000000076b580000, 0x00000007bf980000, 0x00000007c0000000)
  eden space 904192K, 100% used [0x000000076b580000,0x00000007a2880000,0x00000007a2880000)
  from space 228352K, 14% used [0x00000007a2880000,0x00000007a497ee18,0x00000007b0780000)
  to   space 228352K, 0% used [0x00000007b1a80000,0x00000007b1a80000,0x00000007bf980000)
 ParOldGen       total 1032704K, used 731519K [0x00000006c2000000, 0x0000000701080000, 0x000000076b580000)
  object space 1032704K, 70% used [0x00000006c2000000,0x00000006eea5fe78,0x0000000701080000)
 Metaspace       used 753973K, capacity 764214K, committed 764668K, reserved 1720320K
  class space    used 92166K, capacity 93940K, committed 94000K, reserved 1048576K
Event: 1794.433 GC heap after
Heap after GC invocations=80 (full 8):
 PSYoungGen      total 1154048K, used 35007K [0x000000076b580000, 0x00000007bfc00000, 0x00000007c0000000)
  eden space 925696K, 0% used [0x000000076b580000,0x000000076b580000,0x00000007a3d80000)
  from space 228352K, 15% used [0x00000007b1a80000,0x00000007b3caff40,0x00000007bf980000)
  to   space 226304K, 0% used [0x00000007a3d80000,0x00000007a3d80000,0x00000007b1a80000)
 ParOldGen       total 1032704K, used 755117K [0x00000006c2000000, 0x0000000701080000, 0x000000076b580000)
  object space 1032704K, 73% used [0x00000006c2000000,0x00000006f016b7c8,0x0000000701080000)
 Metaspace       used 753973K, capacity 764214K, committed 764668K, reserved 1720320K
  class space    used 92166K, capacity 93940K, committed 94000K, reserved 1048576K
}

