# JRE version: Java(TM) SE Runtime Environment (8.0_102-b14) (build 1.8.0_102-b14)
# Java VM: Java HotSpot(TM) 64-Bit Server VM (25.102-b14 mixed mode windows-amd64 compressed oops)
Heap:
 PSYoungGen      total 544768K, used 498273K [0x00000000d6100000, 0x0000000100000000, 0x0000000100000000)
  eden space 422912K, 92% used [0x00000000d6100000,0x00000000edde8678,0x00000000efe00000)
  from space 121856K, 88% used [0x00000000efe00000,0x00000000f67b0170,0x00000000f7500000)
  to   space 136704K, 0% used [0x00000000f7a80000,0x00000000f7a80000,0x0000000100000000)
 ParOldGen       total 389632K, used 131728K [0x0000000082200000, 0x0000000099e80000, 0x00000000d6100000)
  object space 389632K, 33% used [0x0000000082200000,0x000000008a2a4260,0x0000000099e80000)
 Metaspace       used 180834K, capacity 183460K, committed 184140K, reserved 1212416K
  class space    used 21215K, capacity 21794K, committed 21888K, reserved 1048576K
GC Heap History (10 events):
Event: 332.430 GC heap before
{Heap before GC invocations=33 (full 6):
 PSYoungGen      total 529408K, used 408122K [0x00000000d6100000, 0x00000000ff880000, 0x0000000100000000)
  eden space 393728K, 100% used [0x00000000d6100000,0x00000000ee180000,0x00000000ee180000)
  from space 135680K, 10% used [0x00000000f7400000,0x00000000f820e838,0x00000000ff880000)
  to   space 142848K, 0% used [0x00000000ee180000,0x00000000ee180000,0x00000000f6d00000)
 ParOldGen       total 389632K, used 131704K [0x0000000082200000, 0x0000000099e80000, 0x00000000d6100000)
  object space 389632K, 33% used [0x0000000082200000,0x000000008a29e220,0x0000000099e80000)
 Metaspace       used 163531K, capacity 165854K, committed 166476K, reserved 1196032K
  class space    used 19245K, capacity 19771K, committed 19840K, reserved 1048576K
Event: 332.475 GC heap after
Heap after GC invocations=33 (full 6):
 PSYoungGen      total 536576K, used 24788K [0x00000000d6100000, 0x0000000100000000, 0x0000000100000000)
  eden space 393728K, 0% used [0x00000000d6100000,0x00000000d6100000,0x00000000ee180000)
  from space 142848K, 17% used [0x00000000ee180000,0x00000000ef9b5248,0x00000000f6d00000)
  to   space 139776K, 0% used [0x00000000f7780000,0x00000000f7780000,0x0000000100000000)
 ParOldGen       total 389632K, used 131704K [0x0000000082200000, 0x0000000099e80000, 0x00000000d6100000)
  object space 389632K, 33% used [0x0000000082200000,0x000000008a29e220,0x0000000099e80000)
 Metaspace       used 163531K, capacity 165854K, committed 166476K, reserved 1196032K
  class space    used 19245K, capacity 19771K, committed 19840K, reserved 1048576K
}
Event: 338.115 GC heap before
{Heap before GC invocations=34 (full 6):
 PSYoungGen      total 536576K, used 418516K [0x00000000d6100000, 0x0000000100000000, 0x0000000100000000)
  eden space 393728K, 100% used [0x00000000d6100000,0x00000000ee180000,0x00000000ee180000)
  from space 142848K, 17% used [0x00000000ee180000,0x00000000ef9b5248,0x00000000f6d00000)
  to   space 139776K, 0% used [0x00000000f7780000,0x00000000f7780000,0x0000000100000000)
 ParOldGen       total 389632K, used 131704K [0x0000000082200000, 0x0000000099e80000, 0x00000000d6100000)
  object space 389632K, 33% used [0x0000000082200000,0x000000008a29e220,0x0000000099e80000)
 Metaspace       used 166889K, capacity 169206K, committed 169804K, reserved 1200128K
  class space    used 19559K, capacity 20069K, committed 20096K, reserved 1048576K
Event: 338.187 GC heap after
Heap after GC invocations=34 (full 6):
 PSYoungGen      total 532992K, used 27792K [0x00000000d6100000, 0x00000000ff500000, 0x0000000100000000)
  eden space 404480K, 0% used [0x00000000d6100000,0x00000000d6100000,0x00000000eec00000)
  from space 128512K, 21% used [0x00000000f7780000,0x00000000f92a41f8,0x00000000ff500000)
  to   space 135680K, 0% used [0x00000000eec00000,0x00000000eec00000,0x00000000f7080000)
 ParOldGen       total 389632K, used 131704K [0x0000000082200000, 0x0000000099e80000, 0x00000000d6100000)
  object space 389632K, 33% used [0x0000000082200000,0x000000008a29e220,0x0000000099e80000)
 Metaspace       used 166889K, capacity 169206K, committed 169804K, reserved 1200128K
  class space    used 19559K, capacity 20069K, committed 20096K, reserved 1048576K
}
Event: 344.511 GC heap before
{Heap before GC invocations=35 (full 6):
 PSYoungGen      total 532992K, used 432272K [0x00000000d6100000, 0x00000000ff500000, 0x0000000100000000)
  eden space 404480K, 100% used [0x00000000d6100000,0x00000000eec00000,0x00000000eec00000)
  from space 128512K, 21% used [0x00000000f7780000,0x00000000f92a41f8,0x00000000ff500000)
  to   space 135680K, 0% used [0x00000000eec00000,0x00000000eec00000,0x00000000f7080000)
 ParOldGen       total 389632K, used 131704K [0x0000000082200000, 0x0000000099e80000, 0x00000000d6100000)
  object space 389632K, 33% used [0x0000000082200000,0x000000008a29e220,0x0000000099e80000)
 Metaspace       used 174527K, capacity 176968K, committed 177612K, reserved 1206272K
  class space    used 20444K, capacity 20984K, committed 20992K, reserved 1048576K
Event: 344.640 GC heap after
Heap after GC invocations=35 (full 6):
 PSYoungGen      total 540160K, used 42572K [0x00000000d6100000, 0x00000000ff900000, 0x0000000100000000)
  eden space 404480K, 0% used [0x00000000d6100000,0x00000000d6100000,0x00000000eec00000)
  from space 135680K, 31% used [0x00000000eec00000,0x00000000f1593018,0x00000000f7080000)
  to   space 128512K, 0% used [0x00000000f7b80000,0x00000000f7b80000,0x00000000ff900000)
 ParOldGen       total 389632K, used 131712K [0x0000000082200000, 0x0000000099e80000, 0x00000000d6100000)
  object space 389632K, 33% used [0x0000000082200000,0x000000008a2a0220,0x0000000099e80000)
 Metaspace       used 174527K, capacity 176968K, committed 177612K, reserved 1206272K
  class space    used 20444K, capacity 20984K, committed 20992K, reserved 1048576K
}
Event: 350.931 GC heap before
{Heap before GC invocations=36 (full 6):
 PSYoungGen      total 540160K, used 447052K [0x00000000d6100000, 0x00000000ff900000, 0x0000000100000000)
  eden space 404480K, 100% used [0x00000000d6100000,0x00000000eec00000,0x00000000eec00000)
  from space 135680K, 31% used [0x00000000eec00000,0x00000000f1593018,0x00000000f7080000)
  to   space 128512K, 0% used [0x00000000f7b80000,0x00000000f7b80000,0x00000000ff900000)
 ParOldGen       total 389632K, used 131712K [0x0000000082200000, 0x0000000099e80000, 0x00000000d6100000)
  object space 389632K, 33% used [0x0000000082200000,0x000000008a2a0220,0x0000000099e80000)
 Metaspace       used 178576K, capacity 181142K, committed 181708K, reserved 1210368K
  class space    used 20917K, capacity 21493K, committed 21504K, reserved 1048576K
Event: 351.029 GC heap after
Heap after GC invocations=36 (full 6):
 PSYoungGen      total 538112K, used 41810K [0x00000000d6100000, 0x00000000fec00000, 0x0000000100000000)
  eden space 422912K, 0% used [0x00000000d6100000,0x00000000d6100000,0x00000000efe00000)
  from space 115200K, 36% used [0x00000000f7b80000,0x00000000fa454ac8,0x00000000fec00000)
  to   space 121856K, 0% used [0x00000000efe00000,0x00000000efe00000,0x00000000f7500000)
 ParOldGen       total 389632K, used 131720K [0x0000000082200000, 0x0000000099e80000, 0x00000000d6100000)
  object space 389632K, 33% used [0x0000000082200000,0x000000008a2a2220,0x0000000099e80000)
 Metaspace       used 178576K, capacity 181142K, committed 181708K, reserved 1210368K
  class space    used 20917K, capacity 21493K, committed 21504K, reserved 1048576K
}
Event: 375.400 GC heap before
{Heap before GC invocations=37 (full 6):
 PSYoungGen      total 538112K, used 464722K [0x00000000d6100000, 0x00000000fec00000, 0x0000000100000000)
  eden space 422912K, 100% used [0x00000000d6100000,0x00000000efe00000,0x00000000efe00000)
  from space 115200K, 36% used [0x00000000f7b80000,0x00000000fa454ac8,0x00000000fec00000)
  to   space 121856K, 0% used [0x00000000efe00000,0x00000000efe00000,0x00000000f7500000)
 ParOldGen       total 389632K, used 131720K [0x0000000082200000, 0x0000000099e80000, 0x00000000d6100000)
  object space 389632K, 33% used [0x0000000082200000,0x000000008a2a2260,0x0000000099e80000)
 Metaspace       used 178943K, capacity 181512K, committed 182092K, reserved 1210368K
  class space    used 20960K, capacity 21529K, committed 21632K, reserved 1048576K
Event: 375.488 GC heap after
Heap after GC invocations=37 (full 6):
 PSYoungGen      total 544768K, used 108224K [0x00000000d6100000, 0x0000000100000000, 0x0000000100000000)
  eden space 422912K, 0% used [0x00000000d6100000,0x00000000d6100000,0x00000000efe00000)
  from space 121856K, 88% used [0x00000000efe00000,0x00000000f67b0170,0x00000000f7500000)
  to   space 136704K, 0% used [0x00000000f7a80000,0x00000000f7a80000,0x0000000100000000)
 ParOldGen       total 389632K, used 131728K [0x0000000082200000, 0x0000000099e80000, 0x00000000d6100000)
  object space 389632K, 33% used [0x0000000082200000,0x000000008a2a4260,0x0000000099e80000)
 Metaspace       used 178943K, capacity 181512K, committed 182092K, reserved 1210368K
  class space    used 20960K, capacity 21529K, committed 21632K, reserved 1048576K
}

