# JRE version: Java(TM) SE Runtime Environment (8.0_102-b14) (build 1.8.0_102-b14)
# Java VM: Java HotSpot(TM) 64-Bit Server VM (25.102-b14 mixed mode windows-amd64 compressed oops)
Heap:
 PSYoungGen      total 70656K, used 49758K [0x00000000d6100000, 0x00000000dab00000, 0x0000000100000000)
  eden space 65536K, 75% used [0x00000000d6100000,0x00000000d9197928,0x00000000da100000)
  from space 5120K, 0% used [0x00000000da600000,0x00000000da600000,0x00000000dab00000)
  to   space 5120K, 0% used [0x00000000da100000,0x00000000da100000,0x00000000da600000)
 ParOldGen       total 46080K, used 6694K [0x0000000082200000, 0x0000000084f00000, 0x00000000d6100000)
  object space 46080K, 14% used [0x0000000082200000,0x0000000082889bf0,0x0000000084f00000)
 Metaspace       used 26144K, capacity 26560K, committed 26928K, reserved 1073152K
  class space    used 3245K, capacity 3358K, committed 3376K, reserved 1048576K
GC Heap History (10 events):
Event: 0.967 GC heap before
{Heap before GC invocations=3 (full 0):
 PSYoungGen      total 37888K, used 37639K [0x00000000d6100000, 0x00000000dab00000, 0x0000000100000000)
  eden space 32768K, 100% used [0x00000000d6100000,0x00000000d8100000,0x00000000d8100000)
  from space 5120K, 95% used [0x00000000d8600000,0x00000000d8ac1f50,0x00000000d8b00000)
  to   space 5120K, 0% used [0x00000000d8100000,0x00000000d8100000,0x00000000d8600000)
 ParOldGen       total 86016K, used 387K [0x0000000082200000, 0x0000000087600000, 0x00000000d6100000)
  object space 86016K, 0% used [0x0000000082200000,0x0000000082260e08,0x0000000087600000)
 Metaspace       used 12540K, capacity 12856K, committed 13056K, reserved 1060864K
  class space    used 1472K, capacity 1500K, committed 1536K, reserved 1048576K
Event: 1.083 GC heap after
Heap after GC invocations=3 (full 0):
 PSYoungGen      total 37888K, used 4092K [0x00000000d6100000, 0x00000000dab00000, 0x0000000100000000)
  eden space 32768K, 0% used [0x00000000d6100000,0x00000000d6100000,0x00000000d8100000)
  from space 5120K, 79% used [0x00000000d8100000,0x00000000d84ff268,0x00000000d8600000)
  to   space 5120K, 0% used [0x00000000da600000,0x00000000da600000,0x00000000dab00000)
 ParOldGen       total 86016K, used 395K [0x0000000082200000, 0x0000000087600000, 0x00000000d6100000)
  object space 86016K, 0% used [0x0000000082200000,0x0000000082262e08,0x0000000087600000)
 Metaspace       used 12540K, capacity 12856K, committed 13056K, reserved 1060864K
  class space    used 1472K, capacity 1500K, committed 1536K, reserved 1048576K
}
Event: 1.275 GC heap before
{Heap before GC invocations=4 (full 0):
 PSYoungGen      total 37888K, used 36860K [0x00000000d6100000, 0x00000000dab00000, 0x0000000100000000)
  eden space 32768K, 100% used [0x00000000d6100000,0x00000000d8100000,0x00000000d8100000)
  from space 5120K, 79% used [0x00000000d8100000,0x00000000d84ff268,0x00000000d8600000)
  to   space 5120K, 0% used [0x00000000da600000,0x00000000da600000,0x00000000dab00000)
 ParOldGen       total 86016K, used 395K [0x0000000082200000, 0x0000000087600000, 0x00000000d6100000)
  object space 86016K, 0% used [0x0000000082200000,0x0000000082262e08,0x0000000087600000)
 Metaspace       used 14199K, capacity 14520K, committed 14720K, reserved 1062912K
  class space    used 1746K, capacity 1820K, committed 1920K, reserved 1048576K
Event: 1.280 GC heap after
Heap after GC invocations=4 (full 0):
 PSYoungGen      total 70656K, used 5098K [0x00000000d6100000, 0x00000000dab00000, 0x0000000100000000)
  eden space 65536K, 0% used [0x00000000d6100000,0x00000000d6100000,0x00000000da100000)
  from space 5120K, 99% used [0x00000000da600000,0x00000000daafaac0,0x00000000dab00000)
  to   space 5120K, 0% used [0x00000000da100000,0x00000000da100000,0x00000000da600000)
 ParOldGen       total 86016K, used 403K [0x0000000082200000, 0x0000000087600000, 0x00000000d6100000)
  object space 86016K, 0% used [0x0000000082200000,0x0000000082264e08,0x0000000087600000)
 Metaspace       used 14199K, capacity 14520K, committed 14720K, reserved 1062912K
  class space    used 1746K, capacity 1820K, committed 1920K, reserved 1048576K
}
Event: 1.802 GC heap before
{Heap before GC invocations=5 (full 0):
 PSYoungGen      total 70656K, used 70634K [0x00000000d6100000, 0x00000000dab00000, 0x0000000100000000)
  eden space 65536K, 100% used [0x00000000d6100000,0x00000000da100000,0x00000000da100000)
  from space 5120K, 99% used [0x00000000da600000,0x00000000daafaac0,0x00000000dab00000)
  to   space 5120K, 0% used [0x00000000da100000,0x00000000da100000,0x00000000da600000)
 ParOldGen       total 86016K, used 403K [0x0000000082200000, 0x0000000087600000, 0x00000000d6100000)
  object space 86016K, 0% used [0x0000000082200000,0x0000000082264e08,0x0000000087600000)
 Metaspace       used 20775K, capacity 21152K, committed 21296K, reserved 1069056K
  class space    used 2492K, capacity 2570K, committed 2608K, reserved 1048576K
Event: 1.818 GC heap after
Heap after GC invocations=5 (full 0):
 PSYoungGen      total 70656K, used 5098K [0x00000000d6100000, 0x00000000dab00000, 0x0000000100000000)
  eden space 65536K, 0% used [0x00000000d6100000,0x00000000d6100000,0x00000000da100000)
  from space 5120K, 99% used [0x00000000da100000,0x00000000da5fa850,0x00000000da600000)
  to   space 5120K, 0% used [0x00000000da600000,0x00000000da600000,0x00000000dab00000)
 ParOldGen       total 86016K, used 4457K [0x0000000082200000, 0x0000000087600000, 0x00000000d6100000)
  object space 86016K, 5% used [0x0000000082200000,0x000000008265a598,0x0000000087600000)
 Metaspace       used 20775K, capacity 21152K, committed 21296K, reserved 1069056K
  class space    used 2492K, capacity 2570K, committed 2608K, reserved 1048576K
}
Event: 1.825 GC heap before
{Heap before GC invocations=6 (full 0):
 PSYoungGen      total 70656K, used 6496K [0x00000000d6100000, 0x00000000dab00000, 0x0000000100000000)
  eden space 65536K, 2% used [0x00000000d6100000,0x00000000d625d918,0x00000000da100000)
  from space 5120K, 99% used [0x00000000da100000,0x00000000da5fa850,0x00000000da600000)
  to   space 5120K, 0% used [0x00000000da600000,0x00000000da600000,0x00000000dab00000)
 ParOldGen       total 86016K, used 4457K [0x0000000082200000, 0x0000000087600000, 0x00000000d6100000)
  object space 86016K, 5% used [0x0000000082200000,0x000000008265a598,0x0000000087600000)
 Metaspace       used 20835K, capacity 21178K, committed 21296K, reserved 1069056K
  class space    used 2501K, capacity 2583K, committed 2608K, reserved 1048576K
Event: 1.830 GC heap after
Heap after GC invocations=6 (full 0):
 PSYoungGen      total 70656K, used 5100K [0x00000000d6100000, 0x00000000dab00000, 0x0000000100000000)
  eden space 65536K, 0% used [0x00000000d6100000,0x00000000d6100000,0x00000000da100000)
  from space 5120K, 99% used [0x00000000da600000,0x00000000daafb1b0,0x00000000dab00000)
  to   space 5120K, 0% used [0x00000000da100000,0x00000000da100000,0x00000000da600000)
 ParOldGen       total 86016K, used 4489K [0x0000000082200000, 0x0000000087600000, 0x00000000d6100000)
  object space 86016K, 5% used [0x0000000082200000,0x0000000082662598,0x0000000087600000)
 Metaspace       used 20835K, capacity 21178K, committed 21296K, reserved 1069056K
  class space    used 2501K, capacity 2583K, committed 2608K, reserved 1048576K
}
Event: 1.830 GC heap before
{Heap before GC invocations=7 (full 1):
 PSYoungGen      total 70656K, used 5100K [0x00000000d6100000, 0x00000000dab00000, 0x0000000100000000)
  eden space 65536K, 0% used [0x00000000d6100000,0x00000000d6100000,0x00000000da100000)
  from space 5120K, 99% used [0x00000000da600000,0x00000000daafb1b0,0x00000000dab00000)
  to   space 5120K, 0% used [0x00000000da100000,0x00000000da100000,0x00000000da600000)
 ParOldGen       total 86016K, used 4489K [0x0000000082200000, 0x0000000087600000, 0x00000000d6100000)
  object space 86016K, 5% used [0x0000000082200000,0x0000000082662598,0x0000000087600000)
 Metaspace       used 20835K, capacity 21178K, committed 21296K, reserved 1069056K
  class space    used 2501K, capacity 2583K, committed 2608K, reserved 1048576K
Event: 1.862 GC heap after
Heap after GC invocations=7 (full 1):
 PSYoungGen      total 70656K, used 0K [0x00000000d6100000, 0x00000000dab00000, 0x0000000100000000)
  eden space 65536K, 0% used [0x00000000d6100000,0x00000000d6100000,0x00000000da100000)
  from space 5120K, 0% used [0x00000000da600000,0x00000000da600000,0x00000000dab00000)
  to   space 5120K, 0% used [0x00000000da100000,0x00000000da100000,0x00000000da600000)
 ParOldGen       total 46080K, used 6694K [0x0000000082200000, 0x0000000084f00000, 0x00000000d6100000)
  object space 46080K, 14% used [0x0000000082200000,0x0000000082889bf0,0x0000000084f00000)
 Metaspace       used 20835K, capacity 21178K, committed 21296K, reserved 1069056K
  class space    used 2501K, capacity 2583K, committed 2608K, reserved 1048576K
}

