# JRE version: Java(TM) SE Runtime Environment (8.0_102-b14) (build 1.8.0_102-b14)
# Java VM: Java HotSpot(TM) 64-Bit Server VM (25.102-b14 mixed mode windows-amd64 compressed oops)
Heap:
 PSYoungGen      total 315392K, used 212273K [0x00000000d6100000, 0x00000000f0400000, 0x0000000100000000)
  eden space 286720K, 64% used [0x00000000d6100000,0x00000000e144d3d0,0x00000000e7900000)
  from space 28672K, 99% used [0x00000000e9a00000,0x00000000eb5ff3c0,0x00000000eb600000)
  to   space 33792K, 0% used [0x00000000e7900000,0x00000000e7900000,0x00000000e9a00000)
 ParOldGen       total 69632K, used 37686K [0x0000000082200000, 0x0000000086600000, 0x00000000d6100000)
  object space 69632K, 54% used [0x0000000082200000,0x00000000846cdb10,0x0000000086600000)
 Metaspace       used 30419K, capacity 31192K, committed 31616K, reserved 1077248K
  class space    used 3337K, capacity 3597K, committed 3712K, reserved 1048576K
GC Heap History (10 events):
Event: 3.848 GC heap before
{Heap before GC invocations=5 (full 0):
 PSYoungGen      total 136192K, used 54948K [0x00000000d6100000, 0x00000000deb00000, 0x0000000100000000)
  eden space 131072K, 38% used [0x00000000d6100000,0x00000000d91af378,0x00000000de100000)
  from space 5120K, 99% used [0x00000000de600000,0x00000000deafa020,0x00000000deb00000)
  to   space 5120K, 0% used [0x00000000de100000,0x00000000de100000,0x00000000de600000)
 ParOldGen       total 86016K, used 11825K [0x0000000082200000, 0x0000000087600000, 0x00000000d6100000)
  object space 86016K, 13% used [0x0000000082200000,0x0000000082d8c548,0x0000000087600000)
 Metaspace       used 20576K, capacity 21086K, committed 21296K, reserved 1069056K
  class space    used 2456K, capacity 2593K, committed 2688K, reserved 1048576K
Event: 3.879 GC heap after
Heap after GC invocations=5 (full 0):
 PSYoungGen      total 136192K, used 5096K [0x00000000d6100000, 0x00000000e7600000, 0x0000000100000000)
  eden space 131072K, 0% used [0x00000000d6100000,0x00000000d6100000,0x00000000de100000)
  from space 5120K, 99% used [0x00000000de100000,0x00000000de5fa020,0x00000000de600000)
  to   space 10752K, 0% used [0x00000000e6b80000,0x00000000e6b80000,0x00000000e7600000)
 ParOldGen       total 86016K, used 14223K [0x0000000082200000, 0x0000000087600000, 0x00000000d6100000)
  object space 86016K, 16% used [0x0000000082200000,0x0000000082fe3ee0,0x0000000087600000)
 Metaspace       used 20576K, capacity 21086K, committed 21296K, reserved 1069056K
  class space    used 2456K, capacity 2593K, committed 2688K, reserved 1048576K
}
Event: 3.879 GC heap before
{Heap before GC invocations=6 (full 1):
 PSYoungGen      total 136192K, used 5096K [0x00000000d6100000, 0x00000000e7600000, 0x0000000100000000)
  eden space 131072K, 0% used [0x00000000d6100000,0x00000000d6100000,0x00000000de100000)
  from space 5120K, 99% used [0x00000000de100000,0x00000000de5fa020,0x00000000de600000)
  to   space 10752K, 0% used [0x00000000e6b80000,0x00000000e6b80000,0x00000000e7600000)
 ParOldGen       total 86016K, used 14223K [0x0000000082200000, 0x0000000087600000, 0x00000000d6100000)
  object space 86016K, 16% used [0x0000000082200000,0x0000000082fe3ee0,0x0000000087600000)
 Metaspace       used 20576K, capacity 21086K, committed 21296K, reserved 1069056K
  class space    used 2456K, capacity 2593K, committed 2688K, reserved 1048576K
Event: 3.985 GC heap after
Heap after GC invocations=6 (full 1):
 PSYoungGen      total 136192K, used 0K [0x00000000d6100000, 0x00000000e7600000, 0x0000000100000000)
  eden space 131072K, 0% used [0x00000000d6100000,0x00000000d6100000,0x00000000de100000)
  from space 5120K, 0% used [0x00000000de100000,0x00000000de100000,0x00000000de600000)
  to   space 10752K, 0% used [0x00000000e6b80000,0x00000000e6b80000,0x00000000e7600000)
 ParOldGen       total 69632K, used 13943K [0x0000000082200000, 0x0000000086600000, 0x00000000d6100000)
  object space 69632K, 20% used [0x0000000082200000,0x0000000082f9dd00,0x0000000086600000)
 Metaspace       used 20576K, capacity 21086K, committed 21296K, reserved 1069056K
  class space    used 2456K, capacity 2593K, committed 2688K, reserved 1048576K
}
Event: 4.982 GC heap before
{Heap before GC invocations=7 (full 1):
 PSYoungGen      total 136192K, used 131072K [0x00000000d6100000, 0x00000000e7600000, 0x0000000100000000)
  eden space 131072K, 100% used [0x00000000d6100000,0x00000000de100000,0x00000000de100000)
  from space 5120K, 0% used [0x00000000de100000,0x00000000de100000,0x00000000de600000)
  to   space 10752K, 0% used [0x00000000e6b80000,0x00000000e6b80000,0x00000000e7600000)
 ParOldGen       total 69632K, used 13943K [0x0000000082200000, 0x0000000086600000, 0x00000000d6100000)
  object space 69632K, 20% used [0x0000000082200000,0x0000000082f9dd00,0x0000000086600000)
 Metaspace       used 22503K, capacity 23038K, committed 23296K, reserved 1069056K
  class space    used 2560K, capacity 2689K, committed 2816K, reserved 1048576K
Event: 5.022 GC heap after
Heap after GC invocations=7 (full 1):
 PSYoungGen      total 209408K, used 10741K [0x00000000d6100000, 0x00000000e7600000, 0x0000000100000000)
  eden space 198656K, 0% used [0x00000000d6100000,0x00000000d6100000,0x00000000e2300000)
  from space 10752K, 99% used [0x00000000e6b80000,0x00000000e75fd488,0x00000000e7600000)
  to   space 21504K, 0% used [0x00000000e4c00000,0x00000000e4c00000,0x00000000e6100000)
 ParOldGen       total 69632K, used 30843K [0x0000000082200000, 0x0000000086600000, 0x00000000d6100000)
  object space 69632K, 44% used [0x0000000082200000,0x000000008401ec48,0x0000000086600000)
 Metaspace       used 22503K, capacity 23038K, committed 23296K, reserved 1069056K
  class space    used 2560K, capacity 2689K, committed 2816K, reserved 1048576K
}
Event: 7.525 GC heap before
{Heap before GC invocations=8 (full 1):
 PSYoungGen      total 209408K, used 209397K [0x00000000d6100000, 0x00000000e7600000, 0x0000000100000000)
  eden space 198656K, 100% used [0x00000000d6100000,0x00000000e2300000,0x00000000e2300000)
  from space 10752K, 99% used [0x00000000e6b80000,0x00000000e75fd488,0x00000000e7600000)
  to   space 21504K, 0% used [0x00000000e4c00000,0x00000000e4c00000,0x00000000e6100000)
 ParOldGen       total 69632K, used 30843K [0x0000000082200000, 0x0000000086600000, 0x00000000d6100000)
  object space 69632K, 44% used [0x0000000082200000,0x000000008401ec48,0x0000000086600000)
 Metaspace       used 24275K, capacity 24822K, committed 24960K, reserved 1071104K
  class space    used 2703K, capacity 2857K, committed 2944K, reserved 1048576K
Event: 7.548 GC heap after
Heap after GC invocations=8 (full 1):
 PSYoungGen      total 262144K, used 21488K [0x00000000d6100000, 0x00000000eb600000, 0x0000000100000000)
  eden space 240640K, 0% used [0x00000000d6100000,0x00000000d6100000,0x00000000e4c00000)
  from space 21504K, 99% used [0x00000000e4c00000,0x00000000e60fc048,0x00000000e6100000)
  to   space 28672K, 0% used [0x00000000e9a00000,0x00000000e9a00000,0x00000000eb600000)
 ParOldGen       total 69632K, used 37301K [0x0000000082200000, 0x0000000086600000, 0x00000000d6100000)
  object space 69632K, 53% used [0x0000000082200000,0x000000008466d600,0x0000000086600000)
 Metaspace       used 24275K, capacity 24822K, committed 24960K, reserved 1071104K
  class space    used 2703K, capacity 2857K, committed 2944K, reserved 1048576K
}
Event: 10.445 GC heap before
{Heap before GC invocations=9 (full 1):
 PSYoungGen      total 262144K, used 262128K [0x00000000d6100000, 0x00000000eb600000, 0x0000000100000000)
  eden space 240640K, 100% used [0x00000000d6100000,0x00000000e4c00000,0x00000000e4c00000)
  from space 21504K, 99% used [0x00000000e4c00000,0x00000000e60fc048,0x00000000e6100000)
  to   space 28672K, 0% used [0x00000000e9a00000,0x00000000e9a00000,0x00000000eb600000)
 ParOldGen       total 69632K, used 37301K [0x0000000082200000, 0x0000000086600000, 0x00000000d6100000)
  object space 69632K, 53% used [0x0000000082200000,0x000000008466d600,0x0000000086600000)
 Metaspace       used 24970K, capacity 25662K, committed 25856K, reserved 1073152K
  class space    used 2738K, capacity 2969K, committed 3072K, reserved 1048576K
Event: 10.556 GC heap after
Heap after GC invocations=9 (full 1):
 PSYoungGen      total 315392K, used 28668K [0x00000000d6100000, 0x00000000f0400000, 0x0000000100000000)
  eden space 286720K, 0% used [0x00000000d6100000,0x00000000d6100000,0x00000000e7900000)
  from space 28672K, 99% used [0x00000000e9a00000,0x00000000eb5ff3c0,0x00000000eb600000)
  to   space 33792K, 0% used [0x00000000e7900000,0x00000000e7900000,0x00000000e9a00000)
 ParOldGen       total 69632K, used 37686K [0x0000000082200000, 0x0000000086600000, 0x00000000d6100000)
  object space 69632K, 54% used [0x0000000082200000,0x00000000846cdb10,0x0000000086600000)
 Metaspace       used 24970K, capacity 25662K, committed 25856K, reserved 1073152K
  class space    used 2738K, capacity 2969K, committed 3072K, reserved 1048576K
}

